ALERT: ('ADDED', 'HKLM\\Software\\Microsoft\\Windows\\CurrentVersion\\RunOnce', 'Delete Cached Update Binary', None, 'C:\\Windows\\system32\\cmd.exe /q /c del /q "C:\\Program Files\\Microsoft OneDrive\\Update\\OneDriveSetup.exe"')
ALERT: ('ADDED', 'HKLM\\Software\\Microsoft\\Windows\\CurrentVersion\\RunOnce', 'Delete Cached Standalone Update Binary', None, 'C:\\Windows\\system32\\cmd.exe /q /c del /q "C:\\Program Files\\Microsoft OneDrive\\StandaloneUpdater\\OneDriveSetup.exe"')
ALERT: ('ADDED', 'HKLM\\Software\\Microsoft\\Windows\\CurrentVersion\\RunOnce', 'Delete Cached Update Binary', None, 'C:\\Windows\\system32\\cmd.exe /q /c del /q "C:\\Program Files\\Microsoft OneDrive\\Update\\OneDriveSetup.exe"')
ALERT: ('ADDED', 'HKLM\\Software\\Microsoft\\Windows\\CurrentVersion\\RunOnce', 'Delete Cached Standalone Update Binary', None, 'C:\\Windows\\system32\\cmd.exe /q /c del /q "C:\\Program Files\\Microsoft OneDrive\\StandaloneUpdater\\OneDriveSetup.exe"')
ALERT: ('ADDED', 'HKLM\\Software\\Microsoft\\Windows\\CurrentVersion\\RunOnce', 'Delete Cached Update Binary', None, 'C:\\Windows\\system32\\cmd.exe /q /c del /q "C:\\Program Files\\Microsoft OneDrive\\Update\\OneDriveSetup.exe"')
ALERT: ('ADDED', 'HKLM\\Software\\Microsoft\\Windows\\CurrentVersion\\RunOnce', 'Delete Cached Standalone Update Binary', None, 'C:\\Windows\\system32\\cmd.exe /q /c del /q "C:\\Program Files\\Microsoft OneDrive\\StandaloneUpdater\\OneDriveSetup.exe"')
ALERT: ('ADDED', 'HKLM\\Software\\Microsoft\\Windows\\CurrentVersion\\RunOnce', 'Delete Cached Update Binary', None, 'C:\\Windows\\system32\\cmd.exe /q /c del /q "C:\\Program Files\\Microsoft OneDrive\\Update\\OneDriveSetup.exe"')
ALERT: ('ADDED', 'HKLM\\Software\\Microsoft\\Windows\\CurrentVersion\\RunOnce', 'Delete Cached Standalone Update Binary', None, 'C:\\Windows\\system32\\cmd.exe /q /c del /q "C:\\Program Files\\Microsoft OneDrive\\StandaloneUpdater\\OneDriveSetup.exe"')
ALERT: ('ADDED', 'HKLM\\Software\\Microsoft\\Windows\\CurrentVersion\\RunOnce', 'Delete Cached Update Binary', None, 'C:\\Windows\\system32\\cmd.exe /q /c del /q "C:\\Program Files\\Microsoft OneDrive\\Update\\OneDriveSetup.exe"')
ALERT: ('ADDED', 'HKLM\\Software\\Microsoft\\Windows\\CurrentVersion\\RunOnce', 'Delete Cached Standalone Update Binary', None, 'C:\\Windows\\system32\\cmd.exe /q /c del /q "C:\\Program Files\\Microsoft OneDrive\\StandaloneUpdater\\OneDriveSetup.exe"')
ALERT: ('ADDED', 'HKLM\\Software\\Microsoft\\Windows\\CurrentVersion\\RunOnce', 'Delete Cached Update Binary', None, 'C:\\Windows\\system32\\cmd.exe /q /c del /q "C:\\Program Files\\Microsoft OneDrive\\Update\\OneDriveSetup.exe"')
ALERT: ('ADDED', 'HKLM\\Software\\Microsoft\\Windows\\CurrentVersion\\RunOnce', 'Delete Cached Standalone Update Binary', None, 'C:\\Windows\\system32\\cmd.exe /q /c del /q "C:\\Program Files\\Microsoft OneDrive\\StandaloneUpdater\\OneDriveSetup.exe"')
ALERT: ('ADDED', 'HKLM\\Software\\Microsoft\\Windows\\CurrentVersion\\RunOnce', 'Delete Cached Update Binary', None, 'C:\\Windows\\system32\\cmd.exe /q /c del /q "C:\\Program Files\\Microsoft OneDrive\\Update\\OneDriveSetup.exe"')
ALERT: ('ADDED', 'HKLM\\Software\\Microsoft\\Windows\\CurrentVersion\\RunOnce', 'Delete Cached Standalone Update Binary', None, 'C:\\Windows\\system32\\cmd.exe /q /c del /q "C:\\Program Files\\Microsoft OneDrive\\StandaloneUpdater\\OneDriveSetup.exe"')
ALERT: ('ADDED', 'HKLM\\Software\\Microsoft\\Windows\\CurrentVersion\\RunOnce', 'Delete Cached Update Binary', None, 'C:\\Windows\\system32\\cmd.exe /q /c del /q "C:\\Program Files\\Microsoft OneDrive\\Update\\OneDriveSetup.exe"')
ALERT: ('ADDED', 'HKLM\\Software\\Microsoft\\Windows\\CurrentVersion\\RunOnce', 'Delete Cached Standalone Update Binary', None, 'C:\\Windows\\system32\\cmd.exe /q /c del /q "C:\\Program Files\\Microsoft OneDrive\\StandaloneUpdater\\OneDriveSetup.exe"')
ALERT: ('ADDED', 'HKLM\\Software\\Microsoft\\Windows\\CurrentVersion\\RunOnce', 'Delete Cached Update Binary', None, 'C:\\Windows\\system32\\cmd.exe /q /c del /q "C:\\Program Files\\Microsoft OneDrive\\Update\\OneDriveSetup.exe"')
ALERT: ('ADDED', 'HKLM\\Software\\Microsoft\\Windows\\CurrentVersion\\RunOnce', 'Delete Cached Standalone Update Binary', None, 'C:\\Windows\\system32\\cmd.exe /q /c del /q "C:\\Program Files\\Microsoft OneDrive\\StandaloneUpdater\\OneDriveSetup.exe"')
ALERT: ('ADDED', 'HKLM\\Software\\Microsoft\\Windows\\CurrentVersion\\RunOnce', 'Delete Cached Update Binary', None, 'C:\\Windows\\system32\\cmd.exe /q /c del /q "C:\\Program Files\\Microsoft OneDrive\\Update\\OneDriveSetup.exe"')
ALERT: ('ADDED', 'HKLM\\Software\\Microsoft\\Windows\\CurrentVersion\\RunOnce', 'Delete Cached Standalone Update Binary', None, 'C:\\Windows\\system32\\cmd.exe /q /c del /q "C:\\Program Files\\Microsoft OneDrive\\StandaloneUpdater\\OneDriveSetup.exe"')
ALERT: ('ADDED', 'HKLM\\Software\\Microsoft\\Windows\\CurrentVersion\\RunOnce', 'Delete Cached Update Binary', None, 'C:\\Windows\\system32\\cmd.exe /q /c del /q "C:\\Program Files\\Microsoft OneDrive\\Update\\OneDriveSetup.exe"')
ALERT: ('ADDED', 'HKLM\\Software\\Microsoft\\Windows\\CurrentVersion\\RunOnce', 'Delete Cached Standalone Update Binary', None, 'C:\\Windows\\system32\\cmd.exe /q /c del /q "C:\\Program Files\\Microsoft OneDrive\\StandaloneUpdater\\OneDriveSetup.exe"')
ALERT: ('ADDED', 'HKLM\\Software\\Microsoft\\Windows\\CurrentVersion\\RunOnce', 'Delete Cached Update Binary', None, 'C:\\Windows\\system32\\cmd.exe /q /c del /q "C:\\Program Files\\Microsoft OneDrive\\Update\\OneDriveSetup.exe"')
ALERT: ('ADDED', 'HKLM\\Software\\Microsoft\\Windows\\CurrentVersion\\RunOnce', 'Delete Cached Standalone Update Binary', None, 'C:\\Windows\\system32\\cmd.exe /q /c del /q "C:\\Program Files\\Microsoft OneDrive\\StandaloneUpdater\\OneDriveSetup.exe"')
ALERT: ('ADDED', 'HKLM\\Software\\Microsoft\\Windows\\CurrentVersion\\RunOnce', 'Delete Cached Update Binary', None, 'C:\\Windows\\system32\\cmd.exe /q /c del /q "C:\\Program Files\\Microsoft OneDrive\\Update\\OneDriveSetup.exe"')
ALERT: ('ADDED', 'HKLM\\Software\\Microsoft\\Windows\\CurrentVersion\\RunOnce', 'Delete Cached Standalone Update Binary', None, 'C:\\Windows\\system32\\cmd.exe /q /c del /q "C:\\Program Files\\Microsoft OneDrive\\StandaloneUpdater\\OneDriveSetup.exe"')
ALERT: ('ADDED', 'HKLM\\Software\\Microsoft\\Windows\\CurrentVersion\\RunOnce', 'Delete Cached Update Binary', None, 'C:\\Windows\\system32\\cmd.exe /q /c del /q "C:\\Program Files\\Microsoft OneDrive\\Update\\OneDriveSetup.exe"')
ALERT: ('ADDED', 'HKLM\\Software\\Microsoft\\Windows\\CurrentVersion\\RunOnce', 'Delete Cached Standalone Update Binary', None, 'C:\\Windows\\system32\\cmd.exe /q /c del /q "C:\\Program Files\\Microsoft OneDrive\\StandaloneUpdater\\OneDriveSetup.exe"')
ALERT: ('ADDED', 'HKLM\\Software\\Microsoft\\Windows\\CurrentVersion\\RunOnce', 'Delete Cached Update Binary', None, 'C:\\Windows\\system32\\cmd.exe /q /c del /q "C:\\Program Files\\Microsoft OneDrive\\Update\\OneDriveSetup.exe"')
ALERT: ('ADDED', 'HKLM\\Software\\Microsoft\\Windows\\CurrentVersion\\RunOnce', 'Delete Cached Standalone Update Binary', None, 'C:\\Windows\\system32\\cmd.exe /q /c del /q "C:\\Program Files\\Microsoft OneDrive\\StandaloneUpdater\\OneDriveSetup.exe"')
ALERT: ('ADDED', 'HKLM\\Software\\Microsoft\\Windows\\CurrentVersion\\RunOnce', 'Delete Cached Update Binary', None, 'C:\\Windows\\system32\\cmd.exe /q /c del /q "C:\\Program Files\\Microsoft OneDrive\\Update\\OneDriveSetup.exe"')
ALERT: ('ADDED', 'HKLM\\Software\\Microsoft\\Windows\\CurrentVersion\\RunOnce', 'Delete Cached Standalone Update Binary', None, 'C:\\Windows\\system32\\cmd.exe /q /c del /q "C:\\Program Files\\Microsoft OneDrive\\StandaloneUpdater\\OneDriveSetup.exe"')
ALERT: ('ADDED', 'HKLM\\Software\\Microsoft\\Windows\\CurrentVersion\\RunOnce', 'Delete Cached Update Binary', None, 'C:\\Windows\\system32\\cmd.exe /q /c del /q "C:\\Program Files\\Microsoft OneDrive\\Update\\OneDriveSetup.exe"')
ALERT: ('ADDED', 'HKLM\\Software\\Microsoft\\Windows\\CurrentVersion\\RunOnce', 'Delete Cached Standalone Update Binary', None, 'C:\\Windows\\system32\\cmd.exe /q /c del /q "C:\\Program Files\\Microsoft OneDrive\\StandaloneUpdater\\OneDriveSetup.exe"')
ALERT: ('ADDED', 'HKLM\\Software\\Microsoft\\Windows\\CurrentVersion\\RunOnce', 'Delete Cached Update Binary', None, 'C:\\Windows\\system32\\cmd.exe /q /c del /q "C:\\Program Files\\Microsoft OneDrive\\Update\\OneDriveSetup.exe"')
ALERT: ('ADDED', 'HKLM\\Software\\Microsoft\\Windows\\CurrentVersion\\RunOnce', 'Delete Cached Standalone Update Binary', None, 'C:\\Windows\\system32\\cmd.exe /q /c del /q "C:\\Program Files\\Microsoft OneDrive\\StandaloneUpdater\\OneDriveSetup.exe"')
ALERT: ('ADDED', 'HKLM\\Software\\Microsoft\\Windows\\CurrentVersion\\RunOnce', 'Delete Cached Update Binary', None, 'C:\\Windows\\system32\\cmd.exe /q /c del /q "C:\\Program Files\\Microsoft OneDrive\\Update\\OneDriveSetup.exe"')
ALERT: ('ADDED', 'HKLM\\Software\\Microsoft\\Windows\\CurrentVersion\\RunOnce', 'Delete Cached Standalone Update Binary', None, 'C:\\Windows\\system32\\cmd.exe /q /c del /q "C:\\Program Files\\Microsoft OneDrive\\StandaloneUpdater\\OneDriveSetup.exe"')
ALERT: ('ADDED', 'HKLM\\Software\\Microsoft\\Windows\\CurrentVersion\\RunOnce', 'Delete Cached Update Binary', None, 'C:\\Windows\\system32\\cmd.exe /q /c del /q "C:\\Program Files\\Microsoft OneDrive\\Update\\OneDriveSetup.exe"')
ALERT: ('ADDED', 'HKLM\\Software\\Microsoft\\Windows\\CurrentVersion\\RunOnce', 'Delete Cached Standalone Update Binary', None, 'C:\\Windows\\system32\\cmd.exe /q /c del /q "C:\\Program Files\\Microsoft OneDrive\\StandaloneUpdater\\OneDriveSetup.exe"')
ALERT: ('ADDED', 'HKLM\\Software\\Microsoft\\Windows\\CurrentVersion\\RunOnce', 'Delete Cached Update Binary', None, 'C:\\Windows\\system32\\cmd.exe /q /c del /q "C:\\Program Files\\Microsoft OneDrive\\Update\\OneDriveSetup.exe"')
ALERT: ('ADDED', 'HKLM\\Software\\Microsoft\\Windows\\CurrentVersion\\RunOnce', 'Delete Cached Standalone Update Binary', None, 'C:\\Windows\\system32\\cmd.exe /q /c del /q "C:\\Program Files\\Microsoft OneDrive\\StandaloneUpdater\\OneDriveSetup.exe"')
ALERT: ('ADDED', 'HKLM\\Software\\Microsoft\\Windows\\CurrentVersion\\RunOnce', 'Delete Cached Update Binary', None, 'C:\\Windows\\system32\\cmd.exe /q /c del /q "C:\\Program Files\\Microsoft OneDrive\\Update\\OneDriveSetup.exe"')
ALERT: ('ADDED', 'HKLM\\Software\\Microsoft\\Windows\\CurrentVersion\\RunOnce', 'Delete Cached Standalone Update Binary', None, 'C:\\Windows\\system32\\cmd.exe /q /c del /q "C:\\Program Files\\Microsoft OneDrive\\StandaloneUpdater\\OneDriveSetup.exe"')
ALERT: ('ADDED', 'HKLM\\Software\\Microsoft\\Windows\\CurrentVersion\\RunOnce', 'Delete Cached Update Binary', None, 'C:\\Windows\\system32\\cmd.exe /q /c del /q "C:\\Program Files\\Microsoft OneDrive\\Update\\OneDriveSetup.exe"')
ALERT: ('ADDED', 'HKLM\\Software\\Microsoft\\Windows\\CurrentVersion\\RunOnce', 'Delete Cached Standalone Update Binary', None, 'C:\\Windows\\system32\\cmd.exe /q /c del /q "C:\\Program Files\\Microsoft OneDrive\\StandaloneUpdater\\OneDriveSetup.exe"')
ALERT: ('ADDED', 'HKLM\\Software\\Microsoft\\Windows\\CurrentVersion\\RunOnce', 'Delete Cached Update Binary', None, 'C:\\Windows\\system32\\cmd.exe /q /c del /q "C:\\Program Files\\Microsoft OneDrive\\Update\\OneDriveSetup.exe"')
ALERT: ('ADDED', 'HKLM\\Software\\Microsoft\\Windows\\CurrentVersion\\RunOnce', 'Delete Cached Standalone Update Binary', None, 'C:\\Windows\\system32\\cmd.exe /q /c del /q "C:\\Program Files\\Microsoft OneDrive\\StandaloneUpdater\\OneDriveSetup.exe"')
ALERT: ('ADDED', 'HKLM\\Software\\Microsoft\\Windows\\CurrentVersion\\RunOnce', 'Delete Cached Update Binary', None, 'C:\\Windows\\system32\\cmd.exe /q /c del /q "C:\\Program Files\\Microsoft OneDrive\\Update\\OneDriveSetup.exe"')
ALERT: ('ADDED', 'HKLM\\Software\\Microsoft\\Windows\\CurrentVersion\\RunOnce', 'Delete Cached Standalone Update Binary', None, 'C:\\Windows\\system32\\cmd.exe /q /c del /q "C:\\Program Files\\Microsoft OneDrive\\StandaloneUpdater\\OneDriveSetup.exe"')
ALERT: ('ADDED', 'HKLM\\Software\\Microsoft\\Windows\\CurrentVersion\\RunOnce', 'Delete Cached Update Binary', None, 'C:\\Windows\\system32\\cmd.exe /q /c del /q "C:\\Program Files\\Microsoft OneDrive\\Update\\OneDriveSetup.exe"')
ALERT: ('ADDED', 'HKLM\\Software\\Microsoft\\Windows\\CurrentVersion\\RunOnce', 'Delete Cached Standalone Update Binary', None, 'C:\\Windows\\system32\\cmd.exe /q /c del /q "C:\\Program Files\\Microsoft OneDrive\\StandaloneUpdater\\OneDriveSetup.exe"')
ALERT: ('ADDED', 'HKLM\\Software\\Microsoft\\Windows\\CurrentVersion\\RunOnce', 'Delete Cached Update Binary', None, 'C:\\Windows\\system32\\cmd.exe /q /c del /q "C:\\Program Files\\Microsoft OneDrive\\Update\\OneDriveSetup.exe"')
ALERT: ('ADDED', 'HKLM\\Software\\Microsoft\\Windows\\CurrentVersion\\RunOnce', 'Delete Cached Standalone Update Binary', None, 'C:\\Windows\\system32\\cmd.exe /q /c del /q "C:\\Program Files\\Microsoft OneDrive\\StandaloneUpdater\\OneDriveSetup.exe"')
ALERT: ('ADDED', 'HKLM\\Software\\Microsoft\\Windows\\CurrentVersion\\RunOnce', 'Delete Cached Update Binary', None, 'C:\\Windows\\system32\\cmd.exe /q /c del /q "C:\\Program Files\\Microsoft OneDrive\\Update\\OneDriveSetup.exe"')
ALERT: ('ADDED', 'HKLM\\Software\\Microsoft\\Windows\\CurrentVersion\\RunOnce', 'Delete Cached Standalone Update Binary', None, 'C:\\Windows\\system32\\cmd.exe /q /c del /q "C:\\Program Files\\Microsoft OneDrive\\StandaloneUpdater\\OneDriveSetup.exe"')
ALERT: ('ADDED', 'HKLM\\Software\\Microsoft\\Windows\\CurrentVersion\\RunOnce', 'Delete Cached Update Binary', None, 'C:\\Windows\\system32\\cmd.exe /q /c del /q "C:\\Program Files\\Microsoft OneDrive\\Update\\OneDriveSetup.exe"')
ALERT: ('ADDED', 'HKLM\\Software\\Microsoft\\Windows\\CurrentVersion\\RunOnce', 'Delete Cached Standalone Update Binary', None, 'C:\\Windows\\system32\\cmd.exe /q /c del /q "C:\\Program Files\\Microsoft OneDrive\\StandaloneUpdater\\OneDriveSetup.exe"')
ALERT: ('ADDED', 'HKLM\\Software\\Microsoft\\Windows\\CurrentVersion\\RunOnce', 'Delete Cached Update Binary', None, 'C:\\Windows\\system32\\cmd.exe /q /c del /q "C:\\Program Files\\Microsoft OneDrive\\Update\\OneDriveSetup.exe"')
ALERT: ('ADDED', 'HKLM\\Software\\Microsoft\\Windows\\CurrentVersion\\RunOnce', 'Delete Cached Standalone Update Binary', None, 'C:\\Windows\\system32\\cmd.exe /q /c del /q "C:\\Program Files\\Microsoft OneDrive\\StandaloneUpdater\\OneDriveSetup.exe"')
ALERT: ('ADDED', 'HKLM\\Software\\Microsoft\\Windows\\CurrentVersion\\RunOnce', 'Delete Cached Update Binary', None, 'C:\\Windows\\system32\\cmd.exe /q /c del /q "C:\\Program Files\\Microsoft OneDrive\\Update\\OneDriveSetup.exe"')
ALERT: ('ADDED', 'HKLM\\Software\\Microsoft\\Windows\\CurrentVersion\\RunOnce', 'Delete Cached Standalone Update Binary', None, 'C:\\Windows\\system32\\cmd.exe /q /c del /q "C:\\Program Files\\Microsoft OneDrive\\StandaloneUpdater\\OneDriveSetup.exe"')
ALERT: ('ADDED', 'HKLM\\Software\\Microsoft\\Windows\\CurrentVersion\\RunOnce', 'Delete Cached Update Binary', None, 'C:\\Windows\\system32\\cmd.exe /q /c del /q "C:\\Program Files\\Microsoft OneDrive\\Update\\OneDriveSetup.exe"')
ALERT: ('ADDED', 'HKLM\\Software\\Microsoft\\Windows\\CurrentVersion\\RunOnce', 'Delete Cached Standalone Update Binary', None, 'C:\\Windows\\system32\\cmd.exe /q /c del /q "C:\\Program Files\\Microsoft OneDrive\\StandaloneUpdater\\OneDriveSetup.exe"')
ALERT: ('ADDED', 'HKLM\\Software\\Microsoft\\Windows\\CurrentVersion\\RunOnce', 'Delete Cached Update Binary', None, 'C:\\Windows\\system32\\cmd.exe /q /c del /q "C:\\Program Files\\Microsoft OneDrive\\Update\\OneDriveSetup.exe"')
ALERT: ('ADDED', 'HKLM\\Software\\Microsoft\\Windows\\CurrentVersion\\RunOnce', 'Delete Cached Standalone Update Binary', None, 'C:\\Windows\\system32\\cmd.exe /q /c del /q "C:\\Program Files\\Microsoft OneDrive\\StandaloneUpdater\\OneDriveSetup.exe"')
ALERT: ('ADDED', 'HKLM\\Software\\Microsoft\\Windows\\CurrentVersion\\RunOnce', 'Delete Cached Update Binary', None, 'C:\\Windows\\system32\\cmd.exe /q /c del /q "C:\\Program Files\\Microsoft OneDrive\\Update\\OneDriveSetup.exe"')
ALERT: ('ADDED', 'HKLM\\Software\\Microsoft\\Windows\\CurrentVersion\\RunOnce', 'Delete Cached Standalone Update Binary', None, 'C:\\Windows\\system32\\cmd.exe /q /c del /q "C:\\Program Files\\Microsoft OneDrive\\StandaloneUpdater\\OneDriveSetup.exe"')
ALERT: ('ADDED', 'HKLM\\Software\\Microsoft\\Windows\\CurrentVersion\\RunOnce', 'Delete Cached Update Binary', None, 'C:\\Windows\\system32\\cmd.exe /q /c del /q "C:\\Program Files\\Microsoft OneDrive\\Update\\OneDriveSetup.exe"')
ALERT: ('ADDED', 'HKLM\\Software\\Microsoft\\Windows\\CurrentVersion\\RunOnce', 'Delete Cached Standalone Update Binary', None, 'C:\\Windows\\system32\\cmd.exe /q /c del /q "C:\\Program Files\\Microsoft OneDrive\\StandaloneUpdater\\OneDriveSetup.exe"')
ALERT: ('ADDED', 'HKLM\\Software\\Microsoft\\Windows\\CurrentVersion\\RunOnce', 'Delete Cached Update Binary', None, 'C:\\Windows\\system32\\cmd.exe /q /c del /q "C:\\Program Files\\Microsoft OneDrive\\Update\\OneDriveSetup.exe"')
ALERT: ('ADDED', 'HKLM\\Software\\Microsoft\\Windows\\CurrentVersion\\RunOnce', 'Delete Cached Standalone Update Binary', None, 'C:\\Windows\\system32\\cmd.exe /q /c del /q "C:\\Program Files\\Microsoft OneDrive\\StandaloneUpdater\\OneDriveSetup.exe"')
ALERT: ('ADDED', 'HKLM\\Software\\Microsoft\\Windows\\CurrentVersion\\RunOnce', 'Delete Cached Update Binary', None, 'C:\\Windows\\system32\\cmd.exe /q /c del /q "C:\\Program Files\\Microsoft OneDrive\\Update\\OneDriveSetup.exe"')
ALERT: ('ADDED', 'HKLM\\Software\\Microsoft\\Windows\\CurrentVersion\\RunOnce', 'Delete Cached Standalone Update Binary', None, 'C:\\Windows\\system32\\cmd.exe /q /c del /q "C:\\Program Files\\Microsoft OneDrive\\StandaloneUpdater\\OneDriveSetup.exe"')
ALERT: ('ADDED', 'HKLM\\Software\\Microsoft\\Windows\\CurrentVersion\\RunOnce', 'Delete Cached Update Binary', None, 'C:\\Windows\\system32\\cmd.exe /q /c del /q "C:\\Program Files\\Microsoft OneDrive\\Update\\OneDriveSetup.exe"')
ALERT: ('ADDED', 'HKLM\\Software\\Microsoft\\Windows\\CurrentVersion\\RunOnce', 'Delete Cached Standalone Update Binary', None, 'C:\\Windows\\system32\\cmd.exe /q /c del /q "C:\\Program Files\\Microsoft OneDrive\\StandaloneUpdater\\OneDriveSetup.exe"')
ALERT: ('ADDED', 'HKLM\\Software\\Microsoft\\Windows\\CurrentVersion\\RunOnce', 'Delete Cached Update Binary', None, 'C:\\Windows\\system32\\cmd.exe /q /c del /q "C:\\Program Files\\Microsoft OneDrive\\Update\\OneDriveSetup.exe"')
ALERT: ('ADDED', 'HKLM\\Software\\Microsoft\\Windows\\CurrentVersion\\RunOnce', 'Delete Cached Standalone Update Binary', None, 'C:\\Windows\\system32\\cmd.exe /q /c del /q "C:\\Program Files\\Microsoft OneDrive\\StandaloneUpdater\\OneDriveSetup.exe"')
ALERT: ('ADDED', 'HKLM\\Software\\Microsoft\\Windows\\CurrentVersion\\RunOnce', 'Delete Cached Update Binary', None, 'C:\\Windows\\system32\\cmd.exe /q /c del /q "C:\\Program Files\\Microsoft OneDrive\\Update\\OneDriveSetup.exe"')
ALERT: ('ADDED', 'HKLM\\Software\\Microsoft\\Windows\\CurrentVersion\\RunOnce', 'Delete Cached Standalone Update Binary', None, 'C:\\Windows\\system32\\cmd.exe /q /c del /q "C:\\Program Files\\Microsoft OneDrive\\StandaloneUpdater\\OneDriveSetup.exe"')
ALERT: ('ADDED', 'HKLM\\Software\\Microsoft\\Windows\\CurrentVersion\\RunOnce', 'Delete Cached Update Binary', None, 'C:\\Windows\\system32\\cmd.exe /q /c del /q "C:\\Program Files\\Microsoft OneDrive\\Update\\OneDriveSetup.exe"')
ALERT: ('ADDED', 'HKLM\\Software\\Microsoft\\Windows\\CurrentVersion\\RunOnce', 'Delete Cached Standalone Update Binary', None, 'C:\\Windows\\system32\\cmd.exe /q /c del /q "C:\\Program Files\\Microsoft OneDrive\\StandaloneUpdater\\OneDriveSetup.exe"')
ALERT: ('ADDED', 'HKLM\\Software\\Microsoft\\Windows\\CurrentVersion\\RunOnce', 'Delete Cached Update Binary', None, 'C:\\Windows\\system32\\cmd.exe /q /c del /q "C:\\Program Files\\Microsoft OneDrive\\Update\\OneDriveSetup.exe"')
ALERT: ('ADDED', 'HKLM\\Software\\Microsoft\\Windows\\CurrentVersion\\RunOnce', 'Delete Cached Standalone Update Binary', None, 'C:\\Windows\\system32\\cmd.exe /q /c del /q "C:\\Program Files\\Microsoft OneDrive\\StandaloneUpdater\\OneDriveSetup.exe"')
ALERT: ('ADDED', 'HKLM\\Software\\Microsoft\\Windows\\CurrentVersion\\RunOnce', 'Delete Cached Update Binary', None, 'C:\\Windows\\system32\\cmd.exe /q /c del /q "C:\\Program Files\\Microsoft OneDrive\\Update\\OneDriveSetup.exe"')
ALERT: ('ADDED', 'HKLM\\Software\\Microsoft\\Windows\\CurrentVersion\\RunOnce', 'Delete Cached Standalone Update Binary', None, 'C:\\Windows\\system32\\cmd.exe /q /c del /q "C:\\Program Files\\Microsoft OneDrive\\StandaloneUpdater\\OneDriveSetup.exe"')
ALERT: ('ADDED', 'HKCU\\Software\\Microsoft\\Windows\\CurrentVersion\\Run', 'malware_test', None, '')
ALERT: ('ADDED', 'HKCU\\Software\\Microsoft\\Windows\\CurrentVersion\\Run', 'malware_test', None, '')
ALERT: ('ADDED', 'HKCU\\Software\\Microsoft\\Windows\\CurrentVersion\\Run', 'malware_test', None, 'C:\\Users\\Public\\malware.exe')
ALERT: ('ADDED', 'HKCU\\Software\\Microsoft\\Windows\\CurrentVersion\\Run', 'malware_test', None, 'C:\\Users\\Public\\malware.exe')
ALERT: ('ADDED', 'HKCU\\Software\\Microsoft\\Windows\\CurrentVersion\\Run', 'malware_test', None, 'C:\\Users\\Public\\malware.exe')
ALERT: ('ADDED', 'HKCU\\Software\\Microsoft\\Windows\\CurrentVersion\\Run', 'malware_test', None, 'C:\\Users\\Public\\malware.exe')
ALERT: ('ADDED', 'HKCU\\Software\\Microsoft\\Windows\\CurrentVersion\\Run', 'malware_test', None, 'C:\\Users\\Public\\malware.exe')
ALERT: ('ADDED', 'HKCU\\Software\\Microsoft\\Windows\\CurrentVersion\\Run', 'malware_test', None, 'C:\\Users\\Public\\malware.exe')
ALERT: ('ADDED', 'HKCU\\Software\\Microsoft\\Windows\\CurrentVersion\\Run', 'malware_test', None, 'C:\\Users\\Public\\malware.exe')
ALERT: ('ADDED', 'HKCU\\Software\\Microsoft\\Windows\\CurrentVersion\\Run', 'malware_test', None, 'C:\\Users\\Public\\malware.exe')
ALERT: ('ADDED', 'HKCU\\Software\\Microsoft\\Windows\\CurrentVersion\\Run', 'malware_test', None, 'C:\\Users\\Public\\malware.exe')
ALERT: ('ADDED', 'HKCU\\Software\\Microsoft\\Windows\\CurrentVersion\\Run', 'malware_test', None, 'C:\\Users\\Public\\malware.exe')
ALERT: ('ADDED', 'HKCU\\Software\\Microsoft\\Windows\\CurrentVersion\\Run', 'malware_test', None, 'C:\\Users\\Public\\malware.exe')
ALERT: ('ADDED', 'HKCU\\Software\\Microsoft\\Windows\\CurrentVersion\\Run', 'malware_test', None, 'C:\\Users\\Public\\malware.exe')
ALERT: ('ADDED', 'HKCU\\Software\\Microsoft\\Windows\\CurrentVersion\\Run', 'malware_test', None, 'C:\\Users\\Public\\malware.exe')
ALERT: ('ADDED', 'HKCU\\Software\\Microsoft\\Windows\\CurrentVersion\\Run', 'malware_test', None, 'C:\\Users\\Public\\malware.exe')
ALERT: ('ADDED', 'HKCU\\Software\\Microsoft\\Windows\\CurrentVersion\\Run', 'malware_test', None, 'C:\\Users\\Public\\malware.exe')
ALERT: ('ADDED', 'HKCU\\Software\\Microsoft\\Windows\\CurrentVersion\\Run', 'malware_test', None, 'C:\\Users\\Public\\malware.exe')
ALERT: ('ADDED', 'HKCU\\Software\\Microsoft\\Windows\\CurrentVersion\\Run', 'malware_test', None, 'C:\\Users\\Public\\malware.exe')
ALERT: ('ADDED', 'HKCU\\Software\\Microsoft\\Windows\\CurrentVersion\\Run', 'malware_test', None, 'C:\\Users\\Public\\malware.exe')
ALERT: ('ADDED', 'HKCU\\Software\\Microsoft\\Windows\\CurrentVersion\\Run', 'malware_test', None, 'C:\\Users\\Public\\malware.exe')
ALERT: ('ADDED', 'HKCU\\Software\\Microsoft\\Windows\\CurrentVersion\\Run', 'malware_test', None, 'C:\\Users\\Public\\malware.exe')
ALERT: ('ADDED', 'HKCU\\Software\\Microsoft\\Windows\\CurrentVersion\\Run', 'malware_test', None, 'C:\\Users\\Public\\malware.exe')
ALERT: ('ADDED', 'HKCU\\Software\\Microsoft\\Windows\\CurrentVersion\\Run', 'malware_test', None, 'C:\\Users\\Public\\malware.exe')
ALERT: ('ADDED', 'HKCU\\Software\\Microsoft\\Windows\\CurrentVersion\\Run', 'malware_test', None, 'C:\\Users\\Public\\malware.exe')
ALERT: ('ADDED', 'HKCU\\Software\\Microsoft\\Windows\\CurrentVersion\\Run', 'malware_test', None, 'C:\\Users\\Public\\malware.exe')
ALERT: ('ADDED', 'HKCU\\Software\\Microsoft\\Windows\\CurrentVersion\\Run', 'malware_test', None, 'C:\\Users\\Public\\malware.exe')
ALERT: ('ADDED', 'HKCU\\Software\\Microsoft\\Windows\\CurrentVersion\\Run', 'malware_test', None, 'C:\\Users\\Public\\malware.exe')
ALERT: ('ADDED', 'HKCU\\Software\\Microsoft\\Windows\\CurrentVersion\\Run', 'malware_test', None, 'C:\\Users\\Public\\malware.exe')
ALERT: ('ADDED', 'HKCU\\Software\\Microsoft\\Windows\\CurrentVersion\\Run', 'malware_test', None, 'C:\\Users\\Public\\malware.exe')
ALERT: ('ADDED', 'HKCU\\Software\\Microsoft\\Windows\\CurrentVersion\\Run', 'malware_test', None, 'C:\\Users\\Public\\malware.exe')
ALERT: ('ADDED', 'HKCU\\Software\\Microsoft\\Windows\\CurrentVersion\\Run', 'malware_test', None, 'C:\\Users\\Public\\malware.exe')
ALERT: ('ADDED', 'HKCU\\Software\\Microsoft\\Windows\\CurrentVersion\\Run', 'malware_test', None, 'C:\\Users\\Public\\malware.exe')
ALERT: ('ADDED', 'HKCU\\Software\\Microsoft\\Windows\\CurrentVersion\\Run', 'malware_test', None, 'C:\\Users\\Public\\malware.exe')
ALERT: ('ADDED', 'HKCU\\Software\\Microsoft\\Windows\\CurrentVersion\\Run', 'malware_test', None, 'C:\\Users\\Public\\malware.exe')
ALERT: ('ADDED', 'HKCU\\Software\\Microsoft\\Windows\\CurrentVersion\\Run', 'malware_test', None, 'C:\\Users\\Public\\malware.exe')
ALERT: ('ADDED', 'HKCU\\Software\\Microsoft\\Windows\\CurrentVersion\\Run', 'malware_test', None, 'C:\\Users\\Public\\malware.exe')
ALERT: ('DELETED', 'HKCU\\Software\\Microsoft\\Windows\\CurrentVersion\\Run', 'MicrosoftEdgeAutoLaunch_E27E50BD5633453D54C19716A813DFE6', '"C:\\Program Files (x86)\\Microsoft\\Edge\\Application\\msedge.exe" --no-startup-window --win-session-start', None)
ALERT: ('ADDED', 'HKCU\\Software\\Microsoft\\Windows\\CurrentVersion\\Run', 'malware_test', None, 'C:\\Users\\Public\\malware.exe')
ALERT: ('DELETED', 'HKCU\\Software\\Microsoft\\Windows\\CurrentVersion\\Run', 'MicrosoftEdgeAutoLaunch_E27E50BD5633453D54C19716A813DFE6', '"C:\\Program Files (x86)\\Microsoft\\Edge\\Application\\msedge.exe" --no-startup-window --win-session-start', None)
ALERT: ('ADDED', 'HKCU\\Software\\Microsoft\\Windows\\CurrentVersion\\Run', 'malware_test', None, 'C:\\Users\\Public\\malware.exe')
ALERT: ('DELETED', 'HKCU\\Software\\Microsoft\\Windows\\CurrentVersion\\Run', 'MicrosoftEdgeAutoLaunch_E27E50BD5633453D54C19716A813DFE6', '"C:\\Program Files (x86)\\Microsoft\\Edge\\Application\\msedge.exe" --no-startup-window --win-session-start', None)
ALERT: ('ADDED', 'HKCU\\Software\\Microsoft\\Windows\\CurrentVersion\\Run', 'malware_test', None, 'C:\\Users\\Public\\malware.exe')
ALERT: ('DELETED', 'HKCU\\Software\\Microsoft\\Windows\\CurrentVersion\\Run', 'MicrosoftEdgeAutoLaunch_E27E50BD5633453D54C19716A813DFE6', '"C:\\Program Files (x86)\\Microsoft\\Edge\\Application\\msedge.exe" --no-startup-window --win-session-start', None)
ALERT: ('ADDED', 'HKCU\\Software\\Microsoft\\Windows\\CurrentVersion\\Run', 'malware_test', None, 'C:\\Users\\Public\\malware.exe')
ALERT: ('DELETED', 'HKCU\\Software\\Microsoft\\Windows\\CurrentVersion\\Run', 'MicrosoftEdgeAutoLaunch_E27E50BD5633453D54C19716A813DFE6', '"C:\\Program Files (x86)\\Microsoft\\Edge\\Application\\msedge.exe" --no-startup-window --win-session-start', None)
ALERT: ('ADDED', 'HKCU\\Software\\Microsoft\\Windows\\CurrentVersion\\Run', 'malware_test', None, 'C:\\Users\\Public\\malware.exe')
ALERT: ('DELETED', 'HKCU\\Software\\Microsoft\\Windows\\CurrentVersion\\Run', 'MicrosoftEdgeAutoLaunch_E27E50BD5633453D54C19716A813DFE6', '"C:\\Program Files (x86)\\Microsoft\\Edge\\Application\\msedge.exe" --no-startup-window --win-session-start', None)
ALERT: ('ADDED', 'HKCU\\Software\\Microsoft\\Windows\\CurrentVersion\\Run', 'malware_test', None, 'C:\\Users\\Public\\malware.exe')
ALERT: ('DELETED', 'HKCU\\Software\\Microsoft\\Windows\\CurrentVersion\\Run', 'MicrosoftEdgeAutoLaunch_E27E50BD5633453D54C19716A813DFE6', '"C:\\Program Files (x86)\\Microsoft\\Edge\\Application\\msedge.exe" --no-startup-window --win-session-start', None)
ALERT: ('ADDED', 'HKCU\\Software\\Microsoft\\Windows\\CurrentVersion\\Run', 'malware_test', None, 'C:\\Users\\Public\\malware.exe')
ALERT: ('DELETED', 'HKCU\\Software\\Microsoft\\Windows\\CurrentVersion\\Run', 'MicrosoftEdgeAutoLaunch_E27E50BD5633453D54C19716A813DFE6', '"C:\\Program Files (x86)\\Microsoft\\Edge\\Application\\msedge.exe" --no-startup-window --win-session-start', None)
ALERT: ('ADDED', 'HKCU\\Software\\Microsoft\\Windows\\CurrentVersion\\Run', 'malware_test', None, 'C:\\Users\\Public\\malware.exe')
ALERT: ('DELETED', 'HKCU\\Software\\Microsoft\\Windows\\CurrentVersion\\Run', 'MicrosoftEdgeAutoLaunch_E27E50BD5633453D54C19716A813DFE6', '"C:\\Program Files (x86)\\Microsoft\\Edge\\Application\\msedge.exe" --no-startup-window --win-session-start', None)
ALERT: ('ADDED', 'HKCU\\Software\\Microsoft\\Windows\\CurrentVersion\\Run', 'malware_test', None, 'C:\\Users\\Public\\malware.exe')
ALERT: ('DELETED', 'HKCU\\Software\\Microsoft\\Windows\\CurrentVersion\\Run', 'MicrosoftEdgeAutoLaunch_E27E50BD5633453D54C19716A813DFE6', '"C:\\Program Files (x86)\\Microsoft\\Edge\\Application\\msedge.exe" --no-startup-window --win-session-start', None)
ALERT: ('ADDED', 'HKCU\\Software\\Microsoft\\Windows\\CurrentVersion\\Run', 'malware_test', None, 'C:\\Users\\Public\\malware.exe')
ALERT: ('ADDED', 'HKCU\\Software\\Microsoft\\Windows\\CurrentVersion\\Run', 'test_realtime_check', None, '')
ALERT: ('DELETED', 'HKCU\\Software\\Microsoft\\Windows\\CurrentVersion\\Run', 'MicrosoftEdgeAutoLaunch_E27E50BD5633453D54C19716A813DFE6', '"C:\\Program Files (x86)\\Microsoft\\Edge\\Application\\msedge.exe" --no-startup-window --win-session-start', None)
ALERT: ('ADDED', 'HKCU\\Software\\Microsoft\\Windows\\CurrentVersion\\Run', 'malware_test', None, 'C:\\Users\\Public\\malware.exe')
ALERT: ('ADDED', 'HKCU\\Software\\Microsoft\\Windows\\CurrentVersion\\Run', 'test_realtime_check', None, 'C:\\Users\\Public\\test.exe')
ALERT: ('DELETED', 'HKCU\\Software\\Microsoft\\Windows\\CurrentVersion\\Run', 'MicrosoftEdgeAutoLaunch_E27E50BD5633453D54C19716A813DFE6', '"C:\\Program Files (x86)\\Microsoft\\Edge\\Application\\msedge.exe" --no-startup-window --win-session-start', None)
ALERT: ('ADDED', 'HKCU\\Software\\Microsoft\\Windows\\CurrentVersion\\Run', 'malware_test', None, 'C:\\Users\\Public\\malware.exe')
ALERT: ('ADDED', 'HKCU\\Software\\Microsoft\\Windows\\CurrentVersion\\Run', 'test_realtime_check', None, 'C:\\Users\\Public\\test.exe')
ALERT: ('DELETED', 'HKCU\\Software\\Microsoft\\Windows\\CurrentVersion\\Run', 'MicrosoftEdgeAutoLaunch_E27E50BD5633453D54C19716A813DFE6', '"C:\\Program Files (x86)\\Microsoft\\Edge\\Application\\msedge.exe" --no-startup-window --win-session-start', None)
ALERT: ('ADDED', 'HKCU\\Software\\Microsoft\\Windows\\CurrentVersion\\Run', 'malware_test', None, 'C:\\Users\\Public\\malware.exe')
ALERT: ('ADDED', 'HKCU\\Software\\Microsoft\\Windows\\CurrentVersion\\Run', 'test_realtime_check', None, 'C:\\Users\\Public\\test.exe')
ALERT: ('DELETED', 'HKCU\\Software\\Microsoft\\Windows\\CurrentVersion\\Run', 'MicrosoftEdgeAutoLaunch_E27E50BD5633453D54C19716A813DFE6', '"C:\\Program Files (x86)\\Microsoft\\Edge\\Application\\msedge.exe" --no-startup-window --win-session-start', None)
ALERT: ('ADDED', 'HKCU\\Software\\Microsoft\\Windows\\CurrentVersion\\Run', 'malware_test', None, 'C:\\Users\\Public\\malware.exe')
ALERT: ('ADDED', 'HKCU\\Software\\Microsoft\\Windows\\CurrentVersion\\Run', 'test_realtime_check', None, 'C:\\Users\\Public\\test.exe')
ALERT: ('DELETED', 'HKCU\\Software\\Microsoft\\Windows\\CurrentVersion\\Run', 'MicrosoftEdgeAutoLaunch_E27E50BD5633453D54C19716A813DFE6', '"C:\\Program Files (x86)\\Microsoft\\Edge\\Application\\msedge.exe" --no-startup-window --win-session-start', None)
ALERT: ('ADDED', 'HKCU\\Software\\Microsoft\\Windows\\CurrentVersion\\Run', 'malware_test', None, 'C:\\Users\\Public\\malware.exe')
ALERT: ('ADDED', 'HKCU\\Software\\Microsoft\\Windows\\CurrentVersion\\Run', 'test_realtime_check', None, 'C:\\Users\\Public\\test.exe')
ALERT: ('DELETED', 'HKCU\\Software\\Microsoft\\Windows\\CurrentVersion\\Run', 'MicrosoftEdgeAutoLaunch_E27E50BD5633453D54C19716A813DFE6', '"C:\\Program Files (x86)\\Microsoft\\Edge\\Application\\msedge.exe" --no-startup-window --win-session-start', None)
ALERT: ('ADDED', 'HKCU\\Software\\Microsoft\\Windows\\CurrentVersion\\Run', 'malware_test', None, 'C:\\Users\\Public\\malware.exe')
ALERT: ('ADDED', 'HKCU\\Software\\Microsoft\\Windows\\CurrentVersion\\Run', 'test_realtime_check', None, 'C:\\Users\\Public\\test.exe')
ALERT: ('DELETED', 'HKCU\\Software\\Microsoft\\Windows\\CurrentVersion\\Run', 'MicrosoftEdgeAutoLaunch_E27E50BD5633453D54C19716A813DFE6', '"C:\\Program Files (x86)\\Microsoft\\Edge\\Application\\msedge.exe" --no-startup-window --win-session-start', None)
ALERT: ('ADDED', 'HKCU\\Software\\Microsoft\\Windows\\CurrentVersion\\Run', 'malware_test', None, 'C:\\Users\\Public\\malware.exe')
ALERT: ('ADDED', 'HKCU\\Software\\Microsoft\\Windows\\CurrentVersion\\Run', 'test_realtime_check', None, 'C:\\Users\\Public\\test.exe')
ALERT: ('DELETED', 'HKCU\\Software\\Microsoft\\Windows\\CurrentVersion\\Run', 'MicrosoftEdgeAutoLaunch_E27E50BD5633453D54C19716A813DFE6', '"C:\\Program Files (x86)\\Microsoft\\Edge\\Application\\msedge.exe" --no-startup-window --win-session-start', None)
ALERT: ('ADDED', 'HKCU\\Software\\Microsoft\\Windows\\CurrentVersion\\Run', 'malware_test', None, 'C:\\Users\\Public\\malware.exe')
ALERT: ('ADDED', 'HKCU\\Software\\Microsoft\\Windows\\CurrentVersion\\Run', 'test_realtime_check', None, 'C:\\Users\\Public\\test.exe')
ALERT: ('DELETED', 'HKCU\\Software\\Microsoft\\Windows\\CurrentVersion\\Run', 'MicrosoftEdgeAutoLaunch_E27E50BD5633453D54C19716A813DFE6', '"C:\\Program Files (x86)\\Microsoft\\Edge\\Application\\msedge.exe" --no-startup-window --win-session-start', None)
ALERT: ('ADDED', 'HKCU\\Software\\Microsoft\\Windows\\CurrentVersion\\Run', 'malware_test', None, 'C:\\Users\\Public\\malware.exe')
ALERT: ('ADDED', 'HKCU\\Software\\Microsoft\\Windows\\CurrentVersion\\Run', 'test_realtime_check', None, 'C:\\Users\\Public\\test.exe')
ALERT: ('DELETED', 'HKCU\\Software\\Microsoft\\Windows\\CurrentVersion\\Run', 'MicrosoftEdgeAutoLaunch_E27E50BD5633453D54C19716A813DFE6', '"C:\\Program Files (x86)\\Microsoft\\Edge\\Application\\msedge.exe" --no-startup-window --win-session-start', None)
ALERT: ('ADDED', 'HKCU\\Software\\Microsoft\\Windows\\CurrentVersion\\Run', 'malware_test', None, 'C:\\Users\\Public\\malware.exe')
ALERT: ('ADDED', 'HKCU\\Software\\Microsoft\\Windows\\CurrentVersion\\Run', 'test_realtime_check', None, 'C:\\Users\\Public\\test.exe')
ALERT: ('DELETED', 'HKCU\\Software\\Microsoft\\Windows\\CurrentVersion\\Run', 'MicrosoftEdgeAutoLaunch_E27E50BD5633453D54C19716A813DFE6', '"C:\\Program Files (x86)\\Microsoft\\Edge\\Application\\msedge.exe" --no-startup-window --win-session-start', None)
ALERT: ('ADDED', 'HKCU\\Software\\Microsoft\\Windows\\CurrentVersion\\Run', 'malware_test', None, 'C:\\Users\\Public\\malware.exe')
ALERT: ('ADDED', 'HKCU\\Software\\Microsoft\\Windows\\CurrentVersion\\Run', 'test_realtime_check', None, 'C:\\Users\\Public\\modified.exe')
ALERT: ('DELETED', 'HKCU\\Software\\Microsoft\\Windows\\CurrentVersion\\Run', 'MicrosoftEdgeAutoLaunch_E27E50BD5633453D54C19716A813DFE6', '"C:\\Program Files (x86)\\Microsoft\\Edge\\Application\\msedge.exe" --no-startup-window --win-session-start', None)
ALERT: ('ADDED', 'HKCU\\Software\\Microsoft\\Windows\\CurrentVersion\\Run', 'malware_test', None, 'C:\\Users\\Public\\malware.exe')
ALERT: ('ADDED', 'HKCU\\Software\\Microsoft\\Windows\\CurrentVersion\\Run', 'test_realtime_check', None, 'C:\\Users\\Public\\modified.exe')
ALERT: ('DELETED', 'HKCU\\Software\\Microsoft\\Windows\\CurrentVersion\\Run', 'MicrosoftEdgeAutoLaunch_E27E50BD5633453D54C19716A813DFE6', '"C:\\Program Files (x86)\\Microsoft\\Edge\\Application\\msedge.exe" --no-startup-window --win-session-start', None)
ALERT: ('ADDED', 'HKCU\\Software\\Microsoft\\Windows\\CurrentVersion\\Run', 'malware_test', None, 'C:\\Users\\Public\\malware.exe')
ALERT: ('ADDED', 'HKCU\\Software\\Microsoft\\Windows\\CurrentVersion\\Run', 'test_realtime_check', None, 'C:\\Users\\Public\\modified.exe')
ALERT: ('DELETED', 'HKCU\\Software\\Microsoft\\Windows\\CurrentVersion\\Run', 'MicrosoftEdgeAutoLaunch_E27E50BD5633453D54C19716A813DFE6', '"C:\\Program Files (x86)\\Microsoft\\Edge\\Application\\msedge.exe" --no-startup-window --win-session-start', None)
ALERT: ('ADDED', 'HKCU\\Software\\Microsoft\\Windows\\CurrentVersion\\Run', 'malware_test', None, 'C:\\Users\\Public\\malware.exe')
ALERT: ('ADDED', 'HKCU\\Software\\Microsoft\\Windows\\CurrentVersion\\Run', 'test_realtime_check', None, 'C:\\Users\\Public\\modified.exe')
ALERT: ('DELETED', 'HKCU\\Software\\Microsoft\\Windows\\CurrentVersion\\Run', 'MicrosoftEdgeAutoLaunch_E27E50BD5633453D54C19716A813DFE6', '"C:\\Program Files (x86)\\Microsoft\\Edge\\Application\\msedge.exe" --no-startup-window --win-session-start', None)
ALERT: ('ADDED', 'HKCU\\Software\\Microsoft\\Windows\\CurrentVersion\\Run', 'malware_test', None, 'C:\\Users\\Public\\malware.exe')
ALERT: ('ADDED', 'HKCU\\Software\\Microsoft\\Windows\\CurrentVersion\\Run', 'test_realtime_check', None, 'C:\\Users\\Public\\modified.exe')
ALERT: ('DELETED', 'HKCU\\Software\\Microsoft\\Windows\\CurrentVersion\\Run', 'MicrosoftEdgeAutoLaunch_E27E50BD5633453D54C19716A813DFE6', '"C:\\Program Files (x86)\\Microsoft\\Edge\\Application\\msedge.exe" --no-startup-window --win-session-start', None)
ALERT: ('ADDED', 'HKCU\\Software\\Microsoft\\Windows\\CurrentVersion\\Run', 'malware_test', None, 'C:\\Users\\Public\\malware.exe')
ALERT: ('DELETED', 'HKCU\\Software\\Microsoft\\Windows\\CurrentVersion\\Run', 'MicrosoftEdgeAutoLaunch_E27E50BD5633453D54C19716A813DFE6', '"C:\\Program Files (x86)\\Microsoft\\Edge\\Application\\msedge.exe" --no-startup-window --win-session-start', None)
ALERT: ('ADDED', 'HKCU\\Software\\Microsoft\\Windows\\CurrentVersion\\Run', 'malware_test', None, 'C:\\Users\\Public\\malware.exe')
ALERT: ('DELETED', 'HKCU\\Software\\Microsoft\\Windows\\CurrentVersion\\Run', 'MicrosoftEdgeAutoLaunch_E27E50BD5633453D54C19716A813DFE6', '"C:\\Program Files (x86)\\Microsoft\\Edge\\Application\\msedge.exe" --no-startup-window --win-session-start', None)
ALERT: ('ADDED', 'HKCU\\Software\\Microsoft\\Windows\\CurrentVersion\\Run', 'malware_test', None, 'C:\\Users\\Public\\malware.exe')
ALERT: ('DELETED', 'HKCU\\Software\\Microsoft\\Windows\\CurrentVersion\\Run', 'MicrosoftEdgeAutoLaunch_E27E50BD5633453D54C19716A813DFE6', '"C:\\Program Files (x86)\\Microsoft\\Edge\\Application\\msedge.exe" --no-startup-window --win-session-start', None)
ALERT: ('ADDED', 'HKCU\\Software\\Microsoft\\Windows\\CurrentVersion\\Run', 'malware_test', None, 'C:\\Users\\Public\\malware.exe')
ALERT: ('DELETED', 'HKCU\\Software\\Microsoft\\Windows\\CurrentVersion\\Run', 'MicrosoftEdgeAutoLaunch_E27E50BD5633453D54C19716A813DFE6', '"C:\\Program Files (x86)\\Microsoft\\Edge\\Application\\msedge.exe" --no-startup-window --win-session-start', None)
ALERT: ('ADDED', 'HKCU\\Software\\Microsoft\\Windows\\CurrentVersion\\Run', 'malware_test', None, 'C:\\Users\\Public\\malware.exe')
ALERT: ('DELETED', 'HKCU\\Software\\Microsoft\\Windows\\CurrentVersion\\Run', 'MicrosoftEdgeAutoLaunch_E27E50BD5633453D54C19716A813DFE6', '"C:\\Program Files (x86)\\Microsoft\\Edge\\Application\\msedge.exe" --no-startup-window --win-session-start', None)
ALERT: ('ADDED', 'HKCU\\Software\\Microsoft\\Windows\\CurrentVersion\\Run', 'malware_test', None, 'C:\\Users\\Public\\malware.exe')
ALERT: ('DELETED', 'HKCU\\Software\\Microsoft\\Windows\\CurrentVersion\\Run', 'MicrosoftEdgeAutoLaunch_E27E50BD5633453D54C19716A813DFE6', '"C:\\Program Files (x86)\\Microsoft\\Edge\\Application\\msedge.exe" --no-startup-window --win-session-start', None)
ALERT: ('ADDED', 'HKCU\\Software\\Microsoft\\Windows\\CurrentVersion\\Run', 'malware_test', None, 'C:\\Users\\Public\\malware.exe')
ALERT: ('DELETED', 'HKCU\\Software\\Microsoft\\Windows\\CurrentVersion\\Run', 'MicrosoftEdgeAutoLaunch_E27E50BD5633453D54C19716A813DFE6', '"C:\\Program Files (x86)\\Microsoft\\Edge\\Application\\msedge.exe" --no-startup-window --win-session-start', None)
ALERT: ('ADDED', 'HKCU\\Software\\Microsoft\\Windows\\CurrentVersion\\Run', 'malware_test', None, 'C:\\Users\\Public\\malware.exe')
ALERT: ('DELETED', 'HKCU\\Software\\Microsoft\\Windows\\CurrentVersion\\Run', 'MicrosoftEdgeAutoLaunch_E27E50BD5633453D54C19716A813DFE6', '"C:\\Program Files (x86)\\Microsoft\\Edge\\Application\\msedge.exe" --no-startup-window --win-session-start', None)
ALERT: ('ADDED', 'HKCU\\Software\\Microsoft\\Windows\\CurrentVersion\\Run', 'malware_test', None, 'C:\\Users\\Public\\malware.exe')
ALERT: ('DELETED', 'HKCU\\Software\\Microsoft\\Windows\\CurrentVersion\\Run', 'MicrosoftEdgeAutoLaunch_E27E50BD5633453D54C19716A813DFE6', '"C:\\Program Files (x86)\\Microsoft\\Edge\\Application\\msedge.exe" --no-startup-window --win-session-start', None)
ALERT: ('ADDED', 'HKCU\\Software\\Microsoft\\Windows\\CurrentVersion\\Run', 'malware_test', None, 'C:\\Users\\Public\\malware.exe')
ALERT: ('DELETED', 'HKCU\\Software\\Microsoft\\Windows\\CurrentVersion\\Run', 'MicrosoftEdgeAutoLaunch_E27E50BD5633453D54C19716A813DFE6', '"C:\\Program Files (x86)\\Microsoft\\Edge\\Application\\msedge.exe" --no-startup-window --win-session-start', None)
ALERT: ('ADDED', 'HKCU\\Software\\Microsoft\\Windows\\CurrentVersion\\Run', 'malware_test', None, 'C:\\Users\\Public\\malware.exe')
ALERT: ('DELETED', 'HKCU\\Software\\Microsoft\\Windows\\CurrentVersion\\Run', 'MicrosoftEdgeAutoLaunch_E27E50BD5633453D54C19716A813DFE6', '"C:\\Program Files (x86)\\Microsoft\\Edge\\Application\\msedge.exe" --no-startup-window --win-session-start', None)
ALERT: ('ADDED', 'HKCU\\Software\\Microsoft\\Windows\\CurrentVersion\\Run', 'malware_test', None, 'C:\\Users\\Public\\malware.exe')
ALERT: ('DELETED', 'HKCU\\Software\\Microsoft\\Windows\\CurrentVersion\\Run', 'MicrosoftEdgeAutoLaunch_E27E50BD5633453D54C19716A813DFE6', '"C:\\Program Files (x86)\\Microsoft\\Edge\\Application\\msedge.exe" --no-startup-window --win-session-start', None)
ALERT: ('ADDED', 'HKCU\\Software\\Microsoft\\Windows\\CurrentVersion\\Run', 'malware_test', None, 'C:\\Users\\Public\\malware.exe')
ALERT: ('DELETED', 'HKCU\\Software\\Microsoft\\Windows\\CurrentVersion\\Run', 'MicrosoftEdgeAutoLaunch_E27E50BD5633453D54C19716A813DFE6', '"C:\\Program Files (x86)\\Microsoft\\Edge\\Application\\msedge.exe" --no-startup-window --win-session-start', None)
ALERT: ('ADDED', 'HKCU\\Software\\Microsoft\\Windows\\CurrentVersion\\Run', 'malware_test', None, 'C:\\Users\\Public\\malware.exe')
ALERT: ('DELETED', 'HKCU\\Software\\Microsoft\\Windows\\CurrentVersion\\Run', 'MicrosoftEdgeAutoLaunch_E27E50BD5633453D54C19716A813DFE6', '"C:\\Program Files (x86)\\Microsoft\\Edge\\Application\\msedge.exe" --no-startup-window --win-session-start', None)
ALERT: ('ADDED', 'HKCU\\Software\\Microsoft\\Windows\\CurrentVersion\\Run', 'malware_test', None, 'C:\\Users\\Public\\malware.exe')
ALERT: ('DELETED', 'HKCU\\Software\\Microsoft\\Windows\\CurrentVersion\\Run', 'MicrosoftEdgeAutoLaunch_E27E50BD5633453D54C19716A813DFE6', '"C:\\Program Files (x86)\\Microsoft\\Edge\\Application\\msedge.exe" --no-startup-window --win-session-start', None)
ALERT: ('ADDED', 'HKCU\\Software\\Microsoft\\Windows\\CurrentVersion\\Run', 'malware_test', None, 'C:\\Users\\Public\\malware.exe')
ALERT: ('DELETED', 'HKCU\\Software\\Microsoft\\Windows\\CurrentVersion\\Run', 'MicrosoftEdgeAutoLaunch_E27E50BD5633453D54C19716A813DFE6', '"C:\\Program Files (x86)\\Microsoft\\Edge\\Application\\msedge.exe" --no-startup-window --win-session-start', None)
ALERT: ('ADDED', 'HKCU\\Software\\Microsoft\\Windows\\CurrentVersion\\Run', 'malware_test', None, 'C:\\Users\\Public\\malware.exe')
ALERT: ('DELETED', 'HKCU\\Software\\Microsoft\\Windows\\CurrentVersion\\Run', 'MicrosoftEdgeAutoLaunch_E27E50BD5633453D54C19716A813DFE6', '"C:\\Program Files (x86)\\Microsoft\\Edge\\Application\\msedge.exe" --no-startup-window --win-session-start', None)
ALERT: ('ADDED', 'HKCU\\Software\\Microsoft\\Windows\\CurrentVersion\\Run', 'malware_test', None, 'C:\\Users\\Public\\malware.exe')
ALERT: ('DELETED', 'HKCU\\Software\\Microsoft\\Windows\\CurrentVersion\\Run', 'MicrosoftEdgeAutoLaunch_E27E50BD5633453D54C19716A813DFE6', '"C:\\Program Files (x86)\\Microsoft\\Edge\\Application\\msedge.exe" --no-startup-window --win-session-start', None)
ALERT: ('ADDED', 'HKCU\\Software\\Microsoft\\Windows\\CurrentVersion\\Run', 'malware_test', None, 'C:\\Users\\Public\\malware.exe')
ALERT: ('DELETED', 'HKCU\\Software\\Microsoft\\Windows\\CurrentVersion\\Run', 'MicrosoftEdgeAutoLaunch_E27E50BD5633453D54C19716A813DFE6', '"C:\\Program Files (x86)\\Microsoft\\Edge\\Application\\msedge.exe" --no-startup-window --win-session-start', None)
ALERT: ('ADDED', 'HKCU\\Software\\Microsoft\\Windows\\CurrentVersion\\Run', 'malware_test', None, 'C:\\Users\\Public\\malware.exe')
ALERT: ('DELETED', 'HKCU\\Software\\Microsoft\\Windows\\CurrentVersion\\Run', 'MicrosoftEdgeAutoLaunch_E27E50BD5633453D54C19716A813DFE6', '"C:\\Program Files (x86)\\Microsoft\\Edge\\Application\\msedge.exe" --no-startup-window --win-session-start', None)
ALERT: ('DELETED', 'HKCU\\Software\\Microsoft\\Windows\\CurrentVersion\\Run', 'MicrosoftEdgeAutoLaunch_E27E50BD5633453D54C19716A813DFE6', '"C:\\Program Files (x86)\\Microsoft\\Edge\\Application\\msedge.exe" --no-startup-window --win-session-start', None)
ALERT: ('DELETED', 'HKCU\\Software\\Microsoft\\Windows\\CurrentVersion\\Run', 'MicrosoftEdgeAutoLaunch_E27E50BD5633453D54C19716A813DFE6', '"C:\\Program Files (x86)\\Microsoft\\Edge\\Application\\msedge.exe" --no-startup-window --win-session-start', None)
ALERT: ('DELETED', 'HKCU\\Software\\Microsoft\\Windows\\CurrentVersion\\Run', 'MicrosoftEdgeAutoLaunch_E27E50BD5633453D54C19716A813DFE6', '"C:\\Program Files (x86)\\Microsoft\\Edge\\Application\\msedge.exe" --no-startup-window --win-session-start', None)
ALERT: ('ADDED', 'HKCU\\Software\\Microsoft\\Windows\\CurrentVersion\\Run', 'New Value #1', None, '')
ALERT: ('DELETED', 'HKCU\\Software\\Microsoft\\Windows\\CurrentVersion\\Run', 'MicrosoftEdgeAutoLaunch_E27E50BD5633453D54C19716A813DFE6', '"C:\\Program Files (x86)\\Microsoft\\Edge\\Application\\msedge.exe" --no-startup-window --win-session-start', None)
ALERT: ('ADDED', 'HKCU\\Software\\Microsoft\\Windows\\CurrentVersion\\Run', 'New Value #1', None, '')
ALERT: ('ADDED', 'HKCU\\Software\\Microsoft\\Windows\\CurrentVersion\\Run', 'malware_test', None, '')
ALERT: ('DELETED', 'HKCU\\Software\\Microsoft\\Windows\\CurrentVersion\\Run', 'MicrosoftEdgeAutoLaunch_E27E50BD5633453D54C19716A813DFE6', '"C:\\Program Files (x86)\\Microsoft\\Edge\\Application\\msedge.exe" --no-startup-window --win-session-start', None)
ALERT: ('ADDED', 'HKCU\\Software\\Microsoft\\Windows\\CurrentVersion\\Run', 'malware_test', None, 'C:\\Users\\Public\\malware.exe')
ALERT: ('DELETED', 'HKCU\\Software\\Microsoft\\Windows\\CurrentVersion\\Run', 'MicrosoftEdgeAutoLaunch_E27E50BD5633453D54C19716A813DFE6', '"C:\\Program Files (x86)\\Microsoft\\Edge\\Application\\msedge.exe" --no-startup-window --win-session-start', None)
ALERT: ('ADDED', 'HKCU\\Software\\Microsoft\\Windows\\CurrentVersion\\Run', 'malware_test', None, 'C:\\Users\\Public\\malware.exe')
ALERT: ('ADDED', 'HKCU\\Software\\Microsoft\\Windows\\CurrentVersion\\Run', 'malware_test', None, 'C:\\Users\\Public\\malware.exe')
ALERT: ('DELETED', 'HKCU\\Software\\Microsoft\\Windows\\CurrentVersion\\Run', 'MicrosoftEdgeAutoLaunch_E27E50BD5633453D54C19716A813DFE6', '"C:\\Program Files (x86)\\Microsoft\\Edge\\Application\\msedge.exe" --no-startup-window --win-session-start', None)
ALERT: ('ADDED', 'HKCU\\Software\\Microsoft\\Windows\\CurrentVersion\\Run', 'malware_test', None, 'C:\\Users\\Public\\malware.exe')
ALERT: ('DELETED', 'HKCU\\Software\\Microsoft\\Windows\\CurrentVersion\\Run', 'MicrosoftEdgeAutoLaunch_E27E50BD5633453D54C19716A813DFE6', '"C:\\Program Files (x86)\\Microsoft\\Edge\\Application\\msedge.exe" --no-startup-window --win-session-start', None)
ALERT: ('ADDED', 'HKCU\\Software\\Microsoft\\Windows\\CurrentVersion\\Run', 'malware_test', None, 'C:\\Users\\Public\\malware.exe')
ALERT: ('ADDED', 'HKCU\\Software\\Microsoft\\Windows\\CurrentVersion\\Run', 'malware_test', None, 'C:\\Users\\Public\\malware.exe')
ALERT: ('DELETED', 'HKCU\\Software\\Microsoft\\Windows\\CurrentVersion\\Run', 'MicrosoftEdgeAutoLaunch_E27E50BD5633453D54C19716A813DFE6', '"C:\\Program Files (x86)\\Microsoft\\Edge\\Application\\msedge.exe" --no-startup-window --win-session-start', None)
ALERT: ('ADDED', 'HKCU\\Software\\Microsoft\\Windows\\CurrentVersion\\Run', 'malware_test', None, 'C:\\Users\\Public\\malware.exe')
ALERT: ('ADDED', 'HKCU\\Software\\Microsoft\\Windows\\CurrentVersion\\Run', 'malware_test', None, 'C:\\Users\\Public\\malware.exe')
ALERT: ('DELETED', 'HKCU\\Software\\Microsoft\\Windows\\CurrentVersion\\Run', 'MicrosoftEdgeAutoLaunch_E27E50BD5633453D54C19716A813DFE6', '"C:\\Program Files (x86)\\Microsoft\\Edge\\Application\\msedge.exe" --no-startup-window --win-session-start', None)
ALERT: ('ADDED', 'HKCU\\Software\\Microsoft\\Windows\\CurrentVersion\\Run', 'malware_test', None, 'C:\\Users\\Public\\malware.exe')
ALERT: ('ADDED', 'HKCU\\Software\\Microsoft\\Windows\\CurrentVersion\\Run', 'malware_test', None, 'C:\\Users\\Public\\malware.exe')
ALERT: ('DELETED', 'HKCU\\Software\\Microsoft\\Windows\\CurrentVersion\\Run', 'MicrosoftEdgeAutoLaunch_E27E50BD5633453D54C19716A813DFE6', '"C:\\Program Files (x86)\\Microsoft\\Edge\\Application\\msedge.exe" --no-startup-window --win-session-start', None)
ALERT: ('ADDED', 'HKCU\\Software\\Microsoft\\Windows\\CurrentVersion\\Run', 'malware_test', None, 'C:\\Users\\Public\\malware.exe')
ALERT: ('ADDED', 'HKCU\\Software\\Microsoft\\Windows\\CurrentVersion\\Run', 'malware_test', None, 'C:\\Users\\Public\\malware.exe')
ALERT: ('DELETED', 'HKCU\\Software\\Microsoft\\Windows\\CurrentVersion\\Run', 'MicrosoftEdgeAutoLaunch_E27E50BD5633453D54C19716A813DFE6', '"C:\\Program Files (x86)\\Microsoft\\Edge\\Application\\msedge.exe" --no-startup-window --win-session-start', None)
ALERT: ('ADDED', 'HKCU\\Software\\Microsoft\\Windows\\CurrentVersion\\Run', 'malware_test', None, 'C:\\Users\\Public\\malware.exe')
ALERT: ('ADDED', 'HKCU\\Software\\Microsoft\\Windows\\CurrentVersion\\Run', 'malware_test', None, 'C:\\Users\\Public\\malware.exe')
ALERT: ('DELETED', 'HKCU\\Software\\Microsoft\\Windows\\CurrentVersion\\Run', 'MicrosoftEdgeAutoLaunch_E27E50BD5633453D54C19716A813DFE6', '"C:\\Program Files (x86)\\Microsoft\\Edge\\Application\\msedge.exe" --no-startup-window --win-session-start', None)
ALERT: ('ADDED', 'HKCU\\Software\\Microsoft\\Windows\\CurrentVersion\\Run', 'malware_test', None, 'C:\\Users\\Public\\malware.exe')
ALERT: ('ADDED', 'HKCU\\Software\\Microsoft\\Windows\\CurrentVersion\\Run', 'malware_test', None, 'C:\\Users\\Public\\malware.exe')
ALERT: ('DELETED', 'HKCU\\Software\\Microsoft\\Windows\\CurrentVersion\\Run', 'MicrosoftEdgeAutoLaunch_E27E50BD5633453D54C19716A813DFE6', '"C:\\Program Files (x86)\\Microsoft\\Edge\\Application\\msedge.exe" --no-startup-window --win-session-start', None)
ALERT: ('ADDED', 'HKCU\\Software\\Microsoft\\Windows\\CurrentVersion\\Run', 'malware_test', None, 'C:\\Users\\Public\\malware.exe')
ALERT: ('ADDED', 'HKCU\\Software\\Microsoft\\Windows\\CurrentVersion\\Run', 'malware_test', None, 'C:\\Users\\Public\\malware.exe')
ALERT: ('DELETED', 'HKCU\\Software\\Microsoft\\Windows\\CurrentVersion\\Run', 'MicrosoftEdgeAutoLaunch_E27E50BD5633453D54C19716A813DFE6', '"C:\\Program Files (x86)\\Microsoft\\Edge\\Application\\msedge.exe" --no-startup-window --win-session-start', None)
ALERT: ('ADDED', 'HKCU\\Software\\Microsoft\\Windows\\CurrentVersion\\Run', 'malware_test', None, 'C:\\Users\\Public\\malware.exe')
ALERT: ('ADDED', 'HKCU\\Software\\Microsoft\\Windows\\CurrentVersion\\Run', 'malware_test', None, 'C:\\Users\\Public\\malware.exe')
ALERT: ('DELETED', 'HKCU\\Software\\Microsoft\\Windows\\CurrentVersion\\Run', 'MicrosoftEdgeAutoLaunch_E27E50BD5633453D54C19716A813DFE6', '"C:\\Program Files (x86)\\Microsoft\\Edge\\Application\\msedge.exe" --no-startup-window --win-session-start', None)
ALERT: ('ADDED', 'HKCU\\Software\\Microsoft\\Windows\\CurrentVersion\\Run', 'malware_test', None, 'C:\\Users\\Public\\malware.exe')
ALERT: ('ADDED', 'HKCU\\Software\\Microsoft\\Windows\\CurrentVersion\\Run', 'malware_test', None, 'C:\\Users\\Public\\malware.exe')
ALERT: ('DELETED', 'HKCU\\Software\\Microsoft\\Windows\\CurrentVersion\\Run', 'MicrosoftEdgeAutoLaunch_E27E50BD5633453D54C19716A813DFE6', '"C:\\Program Files (x86)\\Microsoft\\Edge\\Application\\msedge.exe" --no-startup-window --win-session-start', None)
ALERT: ('ADDED', 'HKCU\\Software\\Microsoft\\Windows\\CurrentVersion\\Run', 'malware_test', None, 'C:\\Users\\Public\\malware.exe')
ALERT: ('ADDED', 'HKCU\\Software\\Microsoft\\Windows\\CurrentVersion\\Run', 'malware_test', None, 'C:\\Users\\Public\\malware.exe')
ALERT: ('DELETED', 'HKCU\\Software\\Microsoft\\Windows\\CurrentVersion\\Run', 'MicrosoftEdgeAutoLaunch_E27E50BD5633453D54C19716A813DFE6', '"C:\\Program Files (x86)\\Microsoft\\Edge\\Application\\msedge.exe" --no-startup-window --win-session-start', None)
ALERT: ('ADDED', 'HKCU\\Software\\Microsoft\\Windows\\CurrentVersion\\Run', 'malware_test', None, 'C:\\Users\\Public\\malware.exe')
ALERT: ('ADDED', 'HKCU\\Software\\Microsoft\\Windows\\CurrentVersion\\Run', 'malware_test', None, 'C:\\Users\\Public\\malware.exe')
ALERT: ('DELETED', 'HKCU\\Software\\Microsoft\\Windows\\CurrentVersion\\Run', 'MicrosoftEdgeAutoLaunch_E27E50BD5633453D54C19716A813DFE6', '"C:\\Program Files (x86)\\Microsoft\\Edge\\Application\\msedge.exe" --no-startup-window --win-session-start', None)
ALERT: ('ADDED', 'HKCU\\Software\\Microsoft\\Windows\\CurrentVersion\\Run', 'malware_test', None, 'C:\\Users\\Public\\malware.exe')
ALERT: ('ADDED', 'HKCU\\Software\\Microsoft\\Windows\\CurrentVersion\\Run', 'malware_test', None, 'C:\\Users\\Public\\malware.exe')
ALERT: ('DELETED', 'HKCU\\Software\\Microsoft\\Windows\\CurrentVersion\\Run', 'MicrosoftEdgeAutoLaunch_E27E50BD5633453D54C19716A813DFE6', '"C:\\Program Files (x86)\\Microsoft\\Edge\\Application\\msedge.exe" --no-startup-window --win-session-start', None)
ALERT: ('ADDED', 'HKCU\\Software\\Microsoft\\Windows\\CurrentVersion\\Run', 'malware_test', None, 'C:\\Users\\Public\\malware.exe')
ALERT: ('ADDED', 'HKCU\\Software\\Microsoft\\Windows\\CurrentVersion\\Run', 'malware_test', None, 'C:\\Users\\Public\\malware.exe')
ALERT: ('DELETED', 'HKCU\\Software\\Microsoft\\Windows\\CurrentVersion\\Run', 'MicrosoftEdgeAutoLaunch_E27E50BD5633453D54C19716A813DFE6', '"C:\\Program Files (x86)\\Microsoft\\Edge\\Application\\msedge.exe" --no-startup-window --win-session-start', None)
ALERT: ('ADDED', 'HKCU\\Software\\Microsoft\\Windows\\CurrentVersion\\Run', 'malware_test', None, 'C:\\Users\\Public\\malware.exe')
ALERT: ('ADDED', 'HKCU\\Software\\Microsoft\\Windows\\CurrentVersion\\Run', 'malware_test', None, 'C:\\Users\\Public\\malware.exe')
ALERT: ('DELETED', 'HKCU\\Software\\Microsoft\\Windows\\CurrentVersion\\Run', 'MicrosoftEdgeAutoLaunch_E27E50BD5633453D54C19716A813DFE6', '"C:\\Program Files (x86)\\Microsoft\\Edge\\Application\\msedge.exe" --no-startup-window --win-session-start', None)
ALERT: ('ADDED', 'HKCU\\Software\\Microsoft\\Windows\\CurrentVersion\\Run', 'malware_test', None, 'C:\\Users\\Public\\malware.exe')
ALERT: ('ADDED', 'HKCU\\Software\\Microsoft\\Windows\\CurrentVersion\\Run', 'malware_test', None, 'C:\\Users\\Public\\malware.exe')
ALERT: ('DELETED', 'HKCU\\Software\\Microsoft\\Windows\\CurrentVersion\\Run', 'MicrosoftEdgeAutoLaunch_E27E50BD5633453D54C19716A813DFE6', '"C:\\Program Files (x86)\\Microsoft\\Edge\\Application\\msedge.exe" --no-startup-window --win-session-start', None)
ALERT: ('ADDED', 'HKCU\\Software\\Microsoft\\Windows\\CurrentVersion\\Run', 'malware_test', None, 'C:\\Users\\Public\\malware.exe')
ALERT: ('ADDED', 'HKCU\\Software\\Microsoft\\Windows\\CurrentVersion\\Run', 'malware_test', None, 'C:\\Users\\Public\\malware.exe')
ALERT: ('DELETED', 'HKCU\\Software\\Microsoft\\Windows\\CurrentVersion\\Run', 'MicrosoftEdgeAutoLaunch_E27E50BD5633453D54C19716A813DFE6', '"C:\\Program Files (x86)\\Microsoft\\Edge\\Application\\msedge.exe" --no-startup-window --win-session-start', None)
ALERT: ('ADDED', 'HKCU\\Software\\Microsoft\\Windows\\CurrentVersion\\Run', 'malware_test', None, 'C:\\Users\\Public\\malware.exe')
ALERT: ('ADDED', 'HKCU\\Software\\Microsoft\\Windows\\CurrentVersion\\Run', 'malware_test', None, 'C:\\Users\\Public\\malware.exe')
ALERT: ('DELETED', 'HKCU\\Software\\Microsoft\\Windows\\CurrentVersion\\Run', 'MicrosoftEdgeAutoLaunch_E27E50BD5633453D54C19716A813DFE6', '"C:\\Program Files (x86)\\Microsoft\\Edge\\Application\\msedge.exe" --no-startup-window --win-session-start', None)
ALERT: ('ADDED', 'HKCU\\Software\\Microsoft\\Windows\\CurrentVersion\\Run', 'malware_test', None, 'C:\\Users\\Public\\malware.exe')
ALERT: ('ADDED', 'HKCU\\Software\\Microsoft\\Windows\\CurrentVersion\\Run', 'malware_test', None, 'C:\\Users\\Public\\malware.exe')
ALERT: ('DELETED', 'HKCU\\Software\\Microsoft\\Windows\\CurrentVersion\\Run', 'MicrosoftEdgeAutoLaunch_E27E50BD5633453D54C19716A813DFE6', '"C:\\Program Files (x86)\\Microsoft\\Edge\\Application\\msedge.exe" --no-startup-window --win-session-start', None)
ALERT: ('ADDED', 'HKCU\\Software\\Microsoft\\Windows\\CurrentVersion\\Run', 'malware_test', None, 'C:\\Users\\Public\\malware.exe')
ALERT: ('ADDED', 'HKCU\\Software\\Microsoft\\Windows\\CurrentVersion\\Run', 'malware_test', None, 'C:\\Users\\Public\\malware.exe')
ALERT: ('DELETED', 'HKCU\\Software\\Microsoft\\Windows\\CurrentVersion\\Run', 'MicrosoftEdgeAutoLaunch_E27E50BD5633453D54C19716A813DFE6', '"C:\\Program Files (x86)\\Microsoft\\Edge\\Application\\msedge.exe" --no-startup-window --win-session-start', None)
ALERT: ('ADDED', 'HKCU\\Software\\Microsoft\\Windows\\CurrentVersion\\Run', 'malware_test', None, 'C:\\Users\\Public\\malware.exe')
ALERT: ('ADDED', 'HKCU\\Software\\Microsoft\\Windows\\CurrentVersion\\Run', 'malware_test', None, 'C:\\Users\\Public\\malware.exe')
ALERT: ('DELETED', 'HKCU\\Software\\Microsoft\\Windows\\CurrentVersion\\Run', 'MicrosoftEdgeAutoLaunch_E27E50BD5633453D54C19716A813DFE6', '"C:\\Program Files (x86)\\Microsoft\\Edge\\Application\\msedge.exe" --no-startup-window --win-session-start', None)
ALERT: ('ADDED', 'HKCU\\Software\\Microsoft\\Windows\\CurrentVersion\\Run', 'malware_test', None, 'C:\\Users\\Public\\malware.exe')
ALERT: ('ADDED', 'HKCU\\Software\\Microsoft\\Windows\\CurrentVersion\\Run', 'malware_test', None, 'C:\\Users\\Public\\malware.exe')
ALERT: ('DELETED', 'HKCU\\Software\\Microsoft\\Windows\\CurrentVersion\\Run', 'MicrosoftEdgeAutoLaunch_E27E50BD5633453D54C19716A813DFE6', '"C:\\Program Files (x86)\\Microsoft\\Edge\\Application\\msedge.exe" --no-startup-window --win-session-start', None)
ALERT: ('ADDED', 'HKCU\\Software\\Microsoft\\Windows\\CurrentVersion\\Run', 'malware_test', None, 'C:\\Users\\Public\\malware.exe')
ALERT: ('ADDED', 'HKCU\\Software\\Microsoft\\Windows\\CurrentVersion\\Run', 'malware_test', None, 'C:\\Users\\Public\\malware.exe')
ALERT: ('DELETED', 'HKCU\\Software\\Microsoft\\Windows\\CurrentVersion\\Run', 'MicrosoftEdgeAutoLaunch_E27E50BD5633453D54C19716A813DFE6', '"C:\\Program Files (x86)\\Microsoft\\Edge\\Application\\msedge.exe" --no-startup-window --win-session-start', None)
ALERT: ('ADDED', 'HKCU\\Software\\Microsoft\\Windows\\CurrentVersion\\Run', 'malware_test', None, 'C:\\Users\\Public\\malware.exe')
ALERT: ('ADDED', 'HKCU\\Software\\Microsoft\\Windows\\CurrentVersion\\Run', 'malware_test', None, 'C:\\Users\\Public\\malware.exe')
ALERT: ('DELETED', 'HKCU\\Software\\Microsoft\\Windows\\CurrentVersion\\Run', 'MicrosoftEdgeAutoLaunch_E27E50BD5633453D54C19716A813DFE6', '"C:\\Program Files (x86)\\Microsoft\\Edge\\Application\\msedge.exe" --no-startup-window --win-session-start', None)
ALERT: ('ADDED', 'HKCU\\Software\\Microsoft\\Windows\\CurrentVersion\\Run', 'malware_test', None, 'C:\\Users\\Public\\malware.exe')
ALERT: ('ADDED', 'HKCU\\Software\\Microsoft\\Windows\\CurrentVersion\\Run', 'malware_test', None, 'C:\\Users\\Public\\malware.exe')
ALERT: ('ADDED', 'HKCU\\Software\\Microsoft\\Windows\\CurrentVersion\\Run', 'malware_test', None, 'C:\\Users\\Public\\malware.exe')
ALERT: ('DELETED', 'HKCU\\Software\\Microsoft\\Windows\\CurrentVersion\\Run', 'MicrosoftEdgeAutoLaunch_E27E50BD5633453D54C19716A813DFE6', '"C:\\Program Files (x86)\\Microsoft\\Edge\\Application\\msedge.exe" --no-startup-window --win-session-start', None)
ALERT: ('ADDED', 'HKCU\\Software\\Microsoft\\Windows\\CurrentVersion\\Run', 'malware_test', None, 'C:\\Users\\Public\\malware.exe')
ALERT: ('ADDED', 'HKCU\\Software\\Microsoft\\Windows\\CurrentVersion\\Run', 'malware_test', None, 'C:\\Users\\Public\\malware.exe')
ALERT: ('ADDED', 'HKCU\\Software\\Microsoft\\Windows\\CurrentVersion\\Run', 'test_r', None, '')
ALERT: ('ADDED', 'HKCU\\Software\\Microsoft\\Windows\\CurrentVersion\\Run', ' test_realtime_check', None, '')
ALERT: ('ADDED', 'HKCU\\Software\\Microsoft\\Windows\\CurrentVersion\\Run', ' test_realtime_check', None, '')
ALERT: ('ADDED', 'HKCU\\Software\\Microsoft\\Windows\\CurrentVersion\\Run', ' test_realtime_check', None, 'C:\\Users\\Public\\test.exe')
ALERT: ('ADDED', 'HKCU\\Software\\Microsoft\\Windows\\CurrentVersion\\Run', ' test_realtime_check', None, 'C:\\Users\\Public\\test.exe')
ALERT: ('ADDED', 'HKCU\\Software\\Microsoft\\Windows\\CurrentVersion\\Run', ' test_realtime_check', None, 'C:\\Users\\Public\\test.exe')
ALERT: ('ADDED', 'HKCU\\Software\\Microsoft\\Windows\\CurrentVersion\\Run', ' test_realtime_check', None, 'C:\\Users\\Public\\test.exe')
ALERT: ('ADDED', 'HKCU\\Software\\Microsoft\\Windows\\CurrentVersion\\Run', ' test_realtime_check', None, 'C:\\Users\\Public\\test.exe')
ALERT: ('ADDED', 'HKCU\\Software\\Microsoft\\Windows\\CurrentVersion\\Run', ' test_realtime_check', None, 'C:\\Users\\Public\\test.exe')
ALERT: ('ADDED', 'HKCU\\Software\\Microsoft\\Windows\\CurrentVersion\\Run', ' test_realtime_check', None, 'C:\\Users\\Public\\test.exe')
ALERT: ('ADDED', 'HKCU\\Software\\Microsoft\\Windows\\CurrentVersion\\Run', ' test_realtime_check', None, 'C:\\Users\\Public\\test.exe')
ALERT: ('ADDED', 'HKCU\\Software\\Microsoft\\Windows\\CurrentVersion\\Run', ' test_realtime_check', None, 'C:\\Users\\Public\\modified.exe')
ALERT: ('ADDED', 'HKCU\\Software\\Microsoft\\Windows\\CurrentVersion\\Run', ' test_realtime_check', None, 'C:\\Users\\Public\\modified.exe')
ALERT: ('ADDED', 'HKCU\\Software\\Microsoft\\Windows\\CurrentVersion\\Run', ' test_realtime_check', None, 'C:\\Users\\Public\\modified.exe')
ALERT: ('ADDED', 'HKCU\\Software\\Microsoft\\Windows\\CurrentVersion\\Run', ' test_realtime_check', None, 'C:\\Users\\Public\\modified.exe')
ALERT: ('ADDED', 'HKCU\\Software\\Microsoft\\Windows\\CurrentVersion\\Run', ' test_realtime_check', None, 'C:\\Users\\Public\\modified.exe')
ALERT: ('DELETED', 'HKCU\\Software\\Microsoft\\Windows\\CurrentVersion\\Run', 'malware_test', 'C:\\Users\\Public\\malware.exe', None)
ALERT: ('ADDED', 'HKCU\\Software\\Microsoft\\Windows\\CurrentVersion\\Run', 'New Value #1', None, '')
ALERT: ('DELETED', 'HKCU\\Software\\Microsoft\\Windows\\CurrentVersion\\Run', 'malware_test', 'C:\\Users\\Public\\malware.exe', None)
ALERT: ('ADDED', 'HKCU\\Software\\Microsoft\\Windows\\CurrentVersion\\Run', 'malware_test', None, '')
ALERT: ('MODIFIED', 'HKCU\\Software\\Microsoft\\Windows\\CurrentVersion\\Run', 'malware_test', 'C:\\Users\\Public\\malware.exe', '')
ALERT: ('ADDED', 'HKCU\\Software\\Microsoft\\Windows\\CurrentVersion\\Run', 'malware_test', None, '')
ALERT: ('MODIFIED', 'HKCU\\Software\\Microsoft\\Windows\\CurrentVersion\\Run', 'malware_test', 'C:\\Users\\Public\\malware.exe', '')
ALERT: ('ADDED', 'HKCU\\Software\\Microsoft\\Windows\\CurrentVersion\\Run', 'malware_test', None, '')
ALERT: ('MODIFIED', 'HKCU\\Software\\Microsoft\\Windows\\CurrentVersion\\Run', 'malware_test', 'C:\\Users\\Public\\malware.exe', '')
ALERT: ('ADDED', 'HKCU\\Software\\Microsoft\\Windows\\CurrentVersion\\Run', 'malware_test', None, '')
ALERT: ('MODIFIED', 'HKCU\\Software\\Microsoft\\Windows\\CurrentVersion\\Run', 'malware_test', '', 'C:\\Users\\Public\\malware.exe')
ALERT: ('MODIFIED', 'HKCU\\Software\\Microsoft\\Windows\\CurrentVersion\\Run', 'malware_test', '', 'C:\\Users\\Public\\malware.exe')
ALERT: ('MODIFIED', 'HKCU\\Software\\Microsoft\\Windows\\CurrentVersion\\Run', 'malware_test', '', 'C:\\Users\\Public\\malware.exe')
ALERT: ('MODIFIED', 'HKCU\\Software\\Microsoft\\Windows\\CurrentVersion\\Run', 'malware_test', '', 'C:\\Users\\Public\\malware.exe')
ALERT: ('MODIFIED', 'HKCU\\Software\\Microsoft\\Windows\\CurrentVersion\\Run', 'malware_test', '', 'C:\\Users\\Public\\malware.exe')
ALERT: ('MODIFIED', 'HKCU\\Software\\Microsoft\\Windows\\CurrentVersion\\Run', 'malware_test', '', 'C:\\Users\\Public\\malware.exe')
ALERT: ('MODIFIED', 'HKCU\\Software\\Microsoft\\Windows\\CurrentVersion\\Run', 'malware_test', '', 'C:\\Users\\Public\\malware.exe')
ALERT: ('MODIFIED', 'HKCU\\Software\\Microsoft\\Windows\\CurrentVersion\\Run', 'malware_test', '', 'C:\\Users\\Public\\malware.exe')
ALERT: ('MODIFIED', 'HKCU\\Software\\Microsoft\\Windows\\CurrentVersion\\Run', 'malware_test', '', 'C:\\Users\\Public\\malware.exe')
ALERT: ('MODIFIED', 'HKCU\\Software\\Microsoft\\Windows\\CurrentVersion\\Run', 'malware_test', '', 'C:\\Users\\Public\\malware.exe')
ALERT: ('MODIFIED', 'HKCU\\Software\\Microsoft\\Windows\\CurrentVersion\\Run', 'malware_test', '', 'C:\\Users\\Public\\malware.exe')
ALERT: ('MODIFIED', 'HKCU\\Software\\Microsoft\\Windows\\CurrentVersion\\Run', 'malware_test', '', 'C:\\Users\\Public\\malware.exe')
ALERT: ('MODIFIED', 'HKCU\\Software\\Microsoft\\Windows\\CurrentVersion\\Run', 'malware_test', '', 'C:\\Users\\Public\\malware.exe')
ALERT: ('MODIFIED', 'HKCU\\Software\\Microsoft\\Windows\\CurrentVersion\\Run', 'malware_test', '', 'C:\\Users\\Public\\malware.exe')
ALERT: ('MODIFIED', 'HKCU\\Software\\Microsoft\\Windows\\CurrentVersion\\Run', 'malware_test', '', 'C:\\Users\\Public\\malware.exe')
ALERT: ('MODIFIED', 'HKCU\\Software\\Microsoft\\Windows\\CurrentVersion\\Run', 'malware_test', '', 'C:\\Users\\Public\\malware.exe')
ALERT: ('MODIFIED', 'HKCU\\Software\\Microsoft\\Windows\\CurrentVersion\\Run', 'malware_test', '', 'C:\\Users\\Public\\malware.exe')
ALERT: ('MODIFIED', 'HKCU\\Software\\Microsoft\\Windows\\CurrentVersion\\Run', 'malware_test', '', 'C:\\Users\\Public\\malware.exe')
ALERT: ('MODIFIED', 'HKCU\\Software\\Microsoft\\Windows\\CurrentVersion\\Run', 'malware_test', '', 'C:\\Users\\Public\\malware.exe')
ALERT: ('MODIFIED', 'HKCU\\Software\\Microsoft\\Windows\\CurrentVersion\\Run', 'malware_test', '', 'C:\\Users\\Public\\malware.exe')
ALERT: ('MODIFIED', 'HKCU\\Software\\Microsoft\\Windows\\CurrentVersion\\Run', 'malware_test', '', 'C:\\Users\\Public\\malware.exe')
ALERT: ('MODIFIED', 'HKCU\\Software\\Microsoft\\Windows\\CurrentVersion\\Run', 'malware_test', '', 'C:\\Users\\Public\\malware.exe')
ALERT: ('MODIFIED', 'HKCU\\Software\\Microsoft\\Windows\\CurrentVersion\\Run', 'malware_test', '', 'C:\\Users\\Public\\malware.exe')
ALERT: ('MODIFIED', 'HKCU\\Software\\Microsoft\\Windows\\CurrentVersion\\Run', 'malware_test', '', 'C:\\Users\\Public\\malware.exe')
ALERT: ('MODIFIED', 'HKCU\\Software\\Microsoft\\Windows\\CurrentVersion\\Run', 'malware_test', '', 'C:\\Users\\Public\\malware.exe')
ALERT: ('MODIFIED', 'HKCU\\Software\\Microsoft\\Windows\\CurrentVersion\\Run', 'malware_test', '', 'C:\\Users\\Public\\malware.exe')
ALERT: ('MODIFIED', 'HKCU\\Software\\Microsoft\\Windows\\CurrentVersion\\Run', 'malware_test', '', 'C:\\Users\\Public\\malware.exe')
ALERT: ('MODIFIED', 'HKCU\\Software\\Microsoft\\Windows\\CurrentVersion\\Run', 'malware_test', '', 'C:\\Users\\Public\\malware.exe')
ALERT: ('MODIFIED', 'HKCU\\Software\\Microsoft\\Windows\\CurrentVersion\\Run', 'malware_test', '', 'C:\\Users\\Public\\malware.exe')
ALERT: ('MODIFIED', 'HKCU\\Software\\Microsoft\\Windows\\CurrentVersion\\Run', 'malware_test', '', 'C:\\Users\\Public\\malware.exe')
ALERT: ('MODIFIED', 'HKCU\\Software\\Microsoft\\Windows\\CurrentVersion\\Run', 'malware_test', '', 'C:\\Users\\Public\\malware.exe')
ALERT: ('MODIFIED', 'HKCU\\Software\\Microsoft\\Windows\\CurrentVersion\\Run', 'malware_test', '', 'C:\\Users\\Public\\malware.exe')
ALERT: ('MODIFIED', 'HKCU\\Software\\Microsoft\\Windows\\CurrentVersion\\Run', 'malware_test', '', 'C:\\Users\\Public\\malware.exe')
ALERT: ('MODIFIED', 'HKCU\\Software\\Microsoft\\Windows\\CurrentVersion\\Run', 'malware_test', '', 'C:\\Users\\Public\\malware.exe')
ALERT: ('MODIFIED', 'HKCU\\Software\\Microsoft\\Windows\\CurrentVersion\\Run', 'malware_test', '', 'C:\\Users\\Public\\malware.exe')
ALERT: ('MODIFIED', 'HKCU\\Software\\Microsoft\\Windows\\CurrentVersion\\Run', 'malware_test', '', 'C:\\Users\\Public\\malware.exe')
ALERT: ('MODIFIED', 'HKCU\\Software\\Microsoft\\Windows\\CurrentVersion\\Run', 'malware_test', '', 'C:\\Users\\Public\\malware.exe')
ALERT: ('MODIFIED', 'HKCU\\Software\\Microsoft\\Windows\\CurrentVersion\\Run', 'malware_test', '', 'C:\\Users\\Public\\malware.exe')
ALERT: ('MODIFIED', 'HKCU\\Software\\Microsoft\\Windows\\CurrentVersion\\Run', 'malware_test', '', 'C:\\Users\\Public\\malware.exe')
ALERT: ('MODIFIED', 'HKCU\\Software\\Microsoft\\Windows\\CurrentVersion\\Run', 'malware_test', '', 'C:\\Users\\Public\\malware.exe')
ALERT: ('MODIFIED', 'HKCU\\Software\\Microsoft\\Windows\\CurrentVersion\\Run', 'malware_test', '', 'C:\\Users\\Public\\malware.exe')
ALERT: ('MODIFIED', 'HKCU\\Software\\Microsoft\\Windows\\CurrentVersion\\Run', 'malware_test', '', 'C:\\Users\\Public\\malware.exe')
ALERT: ('MODIFIED', 'HKCU\\Software\\Microsoft\\Windows\\CurrentVersion\\Run', 'malware_test', '', 'C:\\Users\\Public\\malware.exe')
ALERT: ('MODIFIED', 'HKCU\\Software\\Microsoft\\Windows\\CurrentVersion\\Run', 'malware_test', '', 'C:\\Users\\Public\\malware.exe')
ALERT: ('MODIFIED', 'HKCU\\Software\\Microsoft\\Windows\\CurrentVersion\\Run', 'malware_test', '', 'C:\\Users\\Public\\malware.exe')
ALERT: ('MODIFIED', 'HKCU\\Software\\Microsoft\\Windows\\CurrentVersion\\Run', 'malware_test', '', 'C:\\Users\\Public\\malware.exe')
ALERT: ('MODIFIED', 'HKCU\\Software\\Microsoft\\Windows\\CurrentVersion\\Run', 'malware_test', '', 'C:\\Users\\Public\\malware.exe')
ALERT: ('MODIFIED', 'HKCU\\Software\\Microsoft\\Windows\\CurrentVersion\\Run', 'malware_test', '', 'C:\\Users\\Public\\malware.exe')
ALERT: ('MODIFIED', 'HKCU\\Software\\Microsoft\\Windows\\CurrentVersion\\Run', 'malware_test', '', 'C:\\Users\\Public\\malware.exe')
ALERT: ('MODIFIED', 'HKCU\\Software\\Microsoft\\Windows\\CurrentVersion\\Run', 'malware_test', '', 'C:\\Users\\Public\\malware.exe')
ALERT: ('MODIFIED', 'HKCU\\Software\\Microsoft\\Windows\\CurrentVersion\\Run', 'malware_test', '', 'C:\\Users\\Public\\malware.exe')
ALERT: ('MODIFIED', 'HKCU\\Software\\Microsoft\\Windows\\CurrentVersion\\Run', 'malware_test', '', 'C:\\Users\\Public\\malware.exe')
ALERT: ('MODIFIED', 'HKCU\\Software\\Microsoft\\Windows\\CurrentVersion\\Run', 'malware_test', '', 'C:\\Users\\Public\\malware.exe')
ALERT: ('MODIFIED', 'HKCU\\Software\\Microsoft\\Windows\\CurrentVersion\\Run', 'malware_test', '', 'C:\\Users\\Public\\malware.exe')
ALERT: ('MODIFIED', 'HKCU\\Software\\Microsoft\\Windows\\CurrentVersion\\Run', 'malware_test', '', 'C:\\Users\\Public\\malware.exe')
ALERT: ('MODIFIED', 'HKCU\\Software\\Microsoft\\Windows\\CurrentVersion\\Run', 'malware_test', '', 'C:\\Users\\Public\\malware.exe')
ALERT: ('MODIFIED', 'HKCU\\Software\\Microsoft\\Windows\\CurrentVersion\\Run', 'malware_test', '', 'C:\\Users\\Public\\malware.exe')
ALERT: ('MODIFIED', 'HKCU\\Software\\Microsoft\\Windows\\CurrentVersion\\Run', 'malware_test', '', 'C:\\Users\\Public\\malware.exe')
ALERT: ('MODIFIED', 'HKCU\\Software\\Microsoft\\Windows\\CurrentVersion\\Run', 'malware_test', '', 'C:\\Users\\Public\\malware.exe')
ALERT: ('MODIFIED', 'HKCU\\Software\\Microsoft\\Windows\\CurrentVersion\\Run', 'malware_test', '', 'C:\\Users\\Public\\malware.exe')
ALERT: ('MODIFIED', 'HKCU\\Software\\Microsoft\\Windows\\CurrentVersion\\Run', 'malware_test', '', 'C:\\Users\\Public\\malware.exe')
ALERT: ('MODIFIED', 'HKCU\\Software\\Microsoft\\Windows\\CurrentVersion\\Run', 'malware_test', '', 'C:\\Users\\Public\\malware.exe')
ALERT: ('MODIFIED', 'HKCU\\Software\\Microsoft\\Windows\\CurrentVersion\\Run', 'malware_test', '', 'C:\\Users\\Public\\malware.exe')
ALERT: ('MODIFIED', 'HKCU\\Software\\Microsoft\\Windows\\CurrentVersion\\Run', 'malware_test', '', 'C:\\Users\\Public\\malware.exe')
ALERT: ('MODIFIED', 'HKCU\\Software\\Microsoft\\Windows\\CurrentVersion\\Run', 'malware_test', '', 'C:\\Users\\Public\\malware.exe')
ALERT: ('MODIFIED', 'HKCU\\Software\\Microsoft\\Windows\\CurrentVersion\\Run', 'malware_test', '', 'C:\\Users\\Public\\malware.exe')
ALERT: ('MODIFIED', 'HKCU\\Software\\Microsoft\\Windows\\CurrentVersion\\Run', 'malware_test', '', 'C:\\Users\\Public\\malware.exe')
ALERT: ('MODIFIED', 'HKCU\\Software\\Microsoft\\Windows\\CurrentVersion\\Run', 'malware_test', '', 'C:\\Users\\Public\\malware.exe')
ALERT: ('MODIFIED', 'HKCU\\Software\\Microsoft\\Windows\\CurrentVersion\\Run', 'malware_test', '', 'C:\\Users\\Public\\malware.exe')
ALERT: ('MODIFIED', 'HKCU\\Software\\Microsoft\\Windows\\CurrentVersion\\Run', 'malware_test', '', 'C:\\Users\\Public\\malware.exe')
ALERT: ('MODIFIED', 'HKCU\\Software\\Microsoft\\Windows\\CurrentVersion\\Run', 'malware_test', '', 'C:\\Users\\Public\\malware.exe')
ALERT: ('MODIFIED', 'HKCU\\Software\\Microsoft\\Windows\\CurrentVersion\\Run', 'malware_test', '', 'C:\\Users\\Public\\malware.exe')
ALERT: ('MODIFIED', 'HKCU\\Software\\Microsoft\\Windows\\CurrentVersion\\Run', 'malware_test', '', 'C:\\Users\\Public\\malware.exe')
ALERT: ('MODIFIED', 'HKCU\\Software\\Microsoft\\Windows\\CurrentVersion\\Run', 'malware_test', '', 'C:\\Users\\Public\\malware.exe')
